[2016-09-17 08:21:06] START
[2016-09-17 08:38:14] EDIT estor3/views/layout.html: 2
[2016-09-17 08:41:04] EDIT estor3/views/layout.html: 2
[2016-09-17 08:44:01] EDIT estor3/views/layout.html: 0
[2016-09-17 08:45:51] EDIT estor3/views/layout.html: -1
[2016-09-17 08:46:08] EDIT estor3/views/layout.html: 1
[2016-09-17 08:50:27] EDIT estor3/views/default/index.html: 1443
[2016-09-17 08:51:18] EDIT estor3/views/layout.html: 185
[2016-09-17 08:55:35] EDIT estor3/views/layout.html: -182
[2016-09-17 08:58:08] EDIT estor3/views/layout.html: 0
[2016-09-17 08:59:05] EDIT estor3/static/css/web2py-bootstrap3.css: -9
[2016-09-17 08:59:26] EDIT estor3/static/css/web2py-bootstrap3.css: -3
[2016-09-17 08:59:47] EDIT estor3/static/css/web2py-bootstrap3.css: -2
[2016-09-17 09:01:02] EDIT estor3/static/css/web2py-bootstrap3.css: 6
[2016-09-17 09:01:03] EDIT estor3/static/css/web2py-bootstrap3.css: 0
[2016-09-17 09:03:36] EDIT estor3/static/css/bootstrap-material-design.css: -3
[2016-09-17 09:05:50] EDIT estor3/models/menu.py: 0
[2016-09-17 09:06:02] EDIT estor3/models/menu.py: 0
[2016-09-17 09:07:03] EDIT estor3/models/menu.py: -2
[2016-09-17 09:11:17] EDIT estor3/models/menu.py: 0
[2016-09-17 09:11:29] EDIT estor3/models/menu.py: 0
[2016-09-17 09:13:41] EDIT estor3/static/css/web2py-bootstrap3.css: 0
[2016-09-17 09:17:21] EDIT estor3/models/menu.py: -84
[2016-09-17 09:17:49] EDIT estor3/models/menu.py: -1
[2016-09-17 09:29:50] EDIT estor3/static/css/web2py-bootstrap3.css: 3
[2016-09-17 09:31:05] EDIT estor3/static/css/web2py-bootstrap3.css: 2
[2016-09-17 09:33:07] EDIT estor3/static/css/web2py-bootstrap3.css: 3
[2016-09-17 09:33:37] EDIT estor3/static/css/web2py-bootstrap3.css: 0
[2016-09-17 09:36:13] EDIT estor3/static/css/web2py-bootstrap3.css: 1
[2016-09-17 09:36:36] EDIT estor3/views/layout.html: 0
[2016-09-17 09:37:15] EDIT estor3/views/layout.html: 0
[2016-09-17 09:38:08] EDIT estor3/views/layout.html: 5
[2016-09-17 09:39:12] EDIT estor3/views/layout.html: 0
[2016-09-17 09:39:32] EDIT estor3/views/layout.html: 0
[2016-09-17 09:40:07] EDIT estor3/views/layout.html: 0
[2016-09-17 09:45:16] EDIT estor3/views/layout.html: 1
[2016-09-17 09:45:24] EDIT estor3/views/layout.html: 0
[2016-09-17 09:47:54] EDIT estor3/views/layout.html: 0
[2016-09-17 09:48:30] EDIT estor3/views/layout.html: 0
[2016-09-17 09:48:47] EDIT estor3/views/layout.html: 0
[2016-09-17 09:51:09] EDIT estor3/views/layout.html: 0
[2016-09-17 09:54:34] EDIT estor3/views/layout.html: -1
[2016-09-17 10:02:18] EDIT estor3/static/css/web2py-bootstrap3.css: 0
[2016-09-17 10:05:04] EDIT estor3/views/layout.html: 0
[2016-09-17 10:05:13] EDIT estor3/views/layout.html: 0
[2016-09-17 10:05:22] EDIT estor3/views/layout.html: 0
[2016-09-17 10:05:58] EDIT estor3/views/layout.html: 0
[2016-09-17 10:08:57] EDIT estor3/views/layout.html: 0
[2016-09-17 10:09:35] EDIT estor3/views/layout.html: 0
[2016-09-17 10:10:10] EDIT estor3/views/layout.html: 0
[2016-09-17 10:10:20] EDIT estor3/views/layout.html: 0
[2016-09-17 10:11:36] EDIT estor3/views/layout.html: 0
[2016-09-17 10:11:52] EDIT estor3/views/layout.html: 0
[2016-09-17 10:12:58] EDIT estor3/views/layout.html: 0
[2016-09-17 10:13:26] EDIT estor3/static/css/web2py-bootstrap3.css: 3
[2016-09-17 10:14:03] EDIT estor3/views/layout.html: 0
[2016-09-17 10:14:28] EDIT estor3/static/css/web2py-bootstrap3.css: 0
[2016-09-17 10:18:43] EDIT estor3/views/layout.html: 0
[2016-09-17 10:21:39] EDIT estor3/views/layout.html: 1
[2016-09-17 10:22:06] EDIT estor3/views/layout.html: 0
[2016-09-17 10:22:46] EDIT estor3/views/layout.html: 0
[2016-09-17 10:23:23] EDIT estor3/views/layout.html: 0
[2016-09-17 10:25:17] EDIT estor3/views/layout.html: 0
[2016-09-17 10:25:23] EDIT estor3/views/layout.html: 0
[2016-09-17 10:31:00] EDIT estor3/static/css/web2py-bootstrap3.css: 8
[2016-09-17 10:32:39] EDIT estor3/static/css/web2py-bootstrap3.css: 0
[2016-09-17 10:32:52] EDIT estor3/static/css/web2py-bootstrap3.css: -2
[2016-09-17 10:33:06] EDIT estor3/static/css/web2py-bootstrap3.css: 0
[2016-09-17 10:33:33] EDIT estor3/static/css/web2py-bootstrap3.css: -6
[2016-09-17 10:34:06] EDIT estor3/views/layout.html: 8
[2016-09-17 10:34:49] EDIT estor3/views/layout.html: 0
[2016-09-17 10:35:06] EDIT estor3/views/layout.html: 0
[2016-09-17 10:35:33] EDIT estor3/views/layout.html: -6
[2016-09-17 10:35:58] EDIT estor3/views/layout.html: 6
[2016-09-17 10:37:06] EDIT estor3/views/layout.html: 1
[2016-09-17 10:37:10] EDIT estor3/views/layout.html: 0
[2016-09-17 10:37:52] EDIT estor3/views/layout.html: -9
[2016-09-17 10:38:20] EDIT estor3/static/css/web2py-bootstrap3.css: 8
[2016-09-17 10:38:39] EDIT estor3/static/css/web2py-bootstrap3.css: 0
[2016-09-17 10:38:50] EDIT estor3/static/css/web2py-bootstrap3.css: 0
[2016-09-17 10:40:28] EDIT estor3/views/layout.html: 0
[2016-09-17 10:41:40] EDIT estor3/static/css/web2py-bootstrap3.css: 3
[2016-09-17 10:42:35] EDIT estor3/static/css/web2py-bootstrap3.css: 1
[2016-09-17 10:43:11] EDIT estor3/static/css/web2py-bootstrap3.css: 0
[2016-09-17 10:43:51] EDIT estor3/static/css/web2py-bootstrap3.css: 0
[2016-09-17 10:44:08] EDIT estor3/static/css/web2py-bootstrap3.css: 0
[2016-09-17 10:46:50] EDIT estor3/views/layout.html: 0
[2016-09-17 10:47:17] EDIT estor3/views/layout.html: 0
[2016-09-17 10:47:18] EDIT estor3/views/layout.html: 0
[2016-09-17 10:47:50] EDIT estor3/static/css/web2py-bootstrap3.css: 0
[2016-09-17 10:48:47] EDIT estor3/static/css/web2py-bootstrap3.css: -4
[2016-09-17 10:50:49] EDIT estor3/views/layout.html: -1
[2016-09-17 10:51:27] EDIT estor3/static/css/web2py-bootstrap3.css: -8
[2016-09-17 10:52:25] EDIT estor3/views/layout.html: 0
[2016-09-17 10:52:43] EDIT estor3/static/css/web2py-bootstrap3.css: 0
[2016-09-17 10:58:14] EDIT estor3/static/css/web2py-bootstrap3.css: 8
[2016-09-17 10:58:43] EDIT estor3/static/css/web2py-bootstrap3.css: 0
[2016-09-17 10:58:56] EDIT estor3/static/css/web2py-bootstrap3.css: -1
[2016-09-17 10:59:08] EDIT estor3/static/css/web2py-bootstrap3.css: 0
[2016-09-17 10:59:15] EDIT estor3/static/css/web2py-bootstrap3.css: 0
[2016-09-17 10:59:22] EDIT estor3/static/css/web2py-bootstrap3.css: 0
[2016-09-17 11:00:35] EDIT estor3/static/css/web2py-bootstrap3.css: 1
[2016-09-17 11:01:06] EDIT estor3/views/layout.html: 0
[2016-09-17 11:01:17] EDIT estor3/static/css/web2py-bootstrap3.css: -3
[2016-09-17 11:02:03] EDIT estor3/static/css/web2py-bootstrap3.css: -2
[2016-09-17 11:02:48] EDIT estor3/static/css/web2py-bootstrap3.css: 0
[2016-09-17 11:03:10] EDIT estor3/static/css/web2py-bootstrap3.css: 0
[2016-09-17 11:05:29] EDIT estor3/views/layout.html: 0
[2016-09-17 11:05:45] EDIT estor3/views/layout.html: 0
[2016-09-17 11:07:04] EDIT estor3/static/css/web2py-bootstrap3.css: 2
[2016-09-17 11:07:14] EDIT estor3/static/css/web2py-bootstrap3.css: 0
[2016-09-17 11:07:39] EDIT estor3/static/css/web2py-bootstrap3.css: 0
[2016-09-17 11:07:57] EDIT estor3/static/css/web2py-bootstrap3.css: 0
[2016-09-17 11:08:41] EDIT estor3/static/css/web2py-bootstrap3.css: 0
[2016-09-17 11:09:11] EDIT estor3/static/css/web2py-bootstrap3.css: 0
[2016-09-17 11:12:04] EDIT estor3/static/css/web2py-bootstrap3.css: -2
[2016-09-17 11:13:39] EDIT estor3/models/menu.py: 0
[2016-09-17 11:19:03] EDIT estor3/static/js/web2py.js: 0
[2016-09-17 11:19:18] EDIT estor3/static/js/web2py.js: 0
[2016-09-17 11:22:30] EDIT estor3/static/js/web2py.js: 0
[2016-09-17 11:25:13] EDIT estor3/models/menu.py: 0
[2016-09-17 11:25:36] EDIT estor3/models/menu.py: 0
[2016-09-17 11:27:14] EDIT estor3/models/menu.py: 0
[2016-09-17 11:28:06] EDIT estor3/models/menu.py: 0
[2016-09-17 11:30:21] EDIT estor3/models/menu.py: 0
[2016-09-17 11:30:55] EDIT estor3/models/menu.py: 1
[2016-09-17 11:38:11] EDIT estor3/models/menu.py: 0
[2016-09-17 11:38:31] EDIT estor3/models/menu.py: 0
[2016-09-17 11:41:01] EDIT estor3/views/layout.html: 2
[2016-09-17 11:41:13] EDIT estor3/views/layout.html: 0
[2016-09-17 11:45:37] EDIT estor3/models/menu.py: 3
[2016-09-17 11:45:48] EDIT estor3/models/menu.py: -3
[2016-09-17 11:46:19] EDIT estor3/models/menu.py: 3
[2016-09-17 11:46:25] EDIT estor3/models/menu.py: -3
[2016-09-17 11:47:46] EDIT estor3/models/menu.py: -1
[2016-09-17 11:48:08] EDIT estor3/models/menu.py: 0
[2016-09-17 11:48:43] EDIT estor3/models/menu.py: 0
[2016-09-17 11:49:02] EDIT estor3/models/menu.py: 0
[2016-09-17 12:01:09] EDIT estor3/static/css/web2py-bootstrap3.css: 6
[2016-09-17 12:01:37] EDIT estor3/views/layout.html: 0
[2016-09-17 12:02:03] EDIT estor3/static/css/web2py-bootstrap3.css: 0
[2016-09-17 12:02:51] EDIT estor3/static/css/web2py-bootstrap3.css: 0
[2016-09-17 12:02:59] EDIT estor3/static/css/web2py-bootstrap3.css: 0
[2016-09-17 12:03:28] EDIT estor3/static/css/web2py-bootstrap3.css: 0
[2016-09-17 12:04:35] EDIT estor3/static/css/web2py-bootstrap3.css: 0
[2016-09-17 12:05:22] EDIT estor3/static/css/web2py-bootstrap3.css: -1
[2016-09-17 12:05:48] EDIT estor3/static/css/web2py-bootstrap3.css: 0
[2016-09-17 12:06:06] EDIT estor3/static/css/web2py-bootstrap3.css: 0
[2016-09-17 12:09:53] EDIT estor3/static/css/web2py-bootstrap3.css: 1
[2016-09-17 12:09:59] EDIT estor3/static/css/web2py-bootstrap3.css: 0
[2016-09-17 12:10:13] EDIT estor3/static/css/web2py-bootstrap3.css: 0
[2016-09-17 12:13:31] EDIT estor3/static/css/web2py-bootstrap3.css: 1
[2016-09-17 12:16:23] EDIT estor3/static/css/web2py-bootstrap3.css: 4
[2016-09-17 12:16:45] EDIT estor3/static/css/web2py-bootstrap3.css: 0
[2016-09-17 12:19:31] EDIT estor3/views/layout.html: 0
[2016-09-17 12:20:25] EDIT estor3/static/css/web2py-bootstrap3.css: -1
[2016-09-17 12:20:48] EDIT estor3/static/css/web2py-bootstrap3.css: 0
[2016-09-17 12:22:15] EDIT estor3/static/css/web2py-bootstrap3.css: 1
[2016-09-17 12:22:41] EDIT estor3/static/css/web2py-bootstrap3.css: -1
[2016-09-17 12:22:59] EDIT estor3/static/css/web2py-bootstrap3.css: 0
[2016-09-17 12:23:24] EDIT estor3/static/css/web2py-bootstrap3.css: 1
[2016-09-17 12:23:27] EDIT estor3/static/css/web2py-bootstrap3.css: 0
[2016-09-17 12:26:28] EDIT estor3/static/css/web2py-bootstrap3.css: 8
[2016-09-17 12:31:35] EDIT estor3/views/layout.html: 1
[2016-09-17 12:32:49] EDIT estor3/views/layout.html: 2
[2016-09-17 12:33:11] EDIT estor3/views/layout.html: 0
[2016-09-17 12:33:57] EDIT estor3/views/layout.html: 0
[2016-09-17 12:35:07] EDIT estor3/views/layout.html: 0
[2016-09-17 12:36:12] EDIT estor3/views/layout.html: 0
[2016-09-17 12:37:35] EDIT estor3/views/layout.html: 0
[2016-09-17 12:38:11] EDIT estor3/views/layout.html: 0
[2016-09-17 12:39:31] EDIT estor3/views/layout.html: 0
[2016-09-17 12:40:36] EDIT estor3/views/layout.html: 2
[2016-09-17 12:41:04] EDIT estor3/views/layout.html: 0
[2016-09-17 12:41:32] EDIT estor3/views/layout.html: 0
[2016-09-17 12:42:23] EDIT estor3/views/layout.html: 0
[2016-09-17 12:45:18] EDIT estor3/views/layout.html: 0
[2016-09-17 12:45:56] EDIT estor3/static/css/web2py-bootstrap3.css: 3
[2016-09-17 12:46:31] EDIT estor3/views/layout.html: 0
[2016-09-17 12:47:08] EDIT estor3/views/layout.html: 0
[2016-09-17 12:47:37] EDIT estor3/static/css/web2py-bootstrap3.css: 0
[2016-09-17 12:50:36] EDIT estor3/views/layout.html: 0
[2016-09-17 12:56:38] EDIT estor3/views/layout.html: 9
[2016-09-17 12:56:45] EDIT estor3/views/layout.html: -4
[2016-09-17 12:57:42] EDIT estor3/views/layout.html: -3
[2016-09-17 15:17:16] EDIT estor3/views/layout.html: 0
[2016-09-17 15:18:40] EDIT estor3/views/layout.html: 0
[2016-09-17 15:19:22] EDIT estor3/views/layout.html: -5
[2016-09-17 15:20:25] EDIT estor3/views/layout.html: 5
[2016-09-17 15:23:07] EDIT estor3/views/layout.html: 2
[2016-09-17 15:24:14] EDIT estor3/views/layout.html: -2
[2016-09-17 15:24:39] EDIT estor3/views/layout.html: 0
[2016-09-17 15:25:36] EDIT estor3/views/layout.html: -5
[2016-09-17 15:26:27] EDIT estor3/views/layout.html: 5
[2016-09-17 15:26:52] EDIT estor3/views/layout.html: 0
[2016-09-17 15:29:01] EDIT estor3/views/layout.html: 0
[2016-09-17 15:30:12] EDIT estor3/views/layout.html: 0
[2016-09-17 15:31:31] EDIT estor3/views/layout.html: 0
[2016-09-17 15:32:22] EDIT estor3/views/layout.html: 0
[2016-09-17 15:36:46] EDIT estor3/views/layout.html: 0
[2016-09-17 15:37:30] EDIT estor3/views/layout.html: -1
[2016-09-17 15:38:33] EDIT estor3/views/layout.html: 0
[2016-09-17 15:39:19] EDIT estor3/views/layout.html: 0
[2016-09-17 15:39:44] EDIT estor3/views/layout.html: 0
[2016-09-17 15:40:35] EDIT estor3/views/layout.html: 1
[2016-09-17 15:42:54] EDIT estor3/views/layout.html: -1
[2016-09-17 15:43:52] EDIT estor3/views/layout.html: 1
[2016-09-17 15:44:01] EDIT estor3/views/layout.html: 0
[2016-09-17 15:44:26] EDIT estor3/views/layout.html: 0
[2016-09-17 15:47:51] EDIT estor3/views/layout.html: 0
[2016-09-17 15:48:16] EDIT estor3/views/layout.html: 0
[2016-09-17 15:48:41] EDIT estor3/models/menu.py: 0
[2016-09-17 15:48:57] EDIT estor3/models/menu.py: 0
[2016-09-17 15:49:28] EDIT estor3/views/layout.html: 0
[2016-09-17 15:49:52] EDIT estor3/views/layout.html: 0
[2016-09-17 15:50:10] EDIT estor3/views/layout.html: 0
[2016-09-17 15:55:12] EDIT estor3/static/css/web2py-bootstrap3.css: 11
[2016-09-17 15:55:19] EDIT estor3/static/css/web2py-bootstrap3.css: 0
[2016-09-17 15:55:50] EDIT estor3/views/layout.html: 0
[2016-09-17 15:56:05] EDIT estor3/views/layout.html: 0
[2016-09-17 15:56:40] EDIT estor3/static/css/web2py-bootstrap3.css: 0
[2016-09-17 15:57:11] EDIT estor3/static/css/web2py-bootstrap3.css: 0
[2016-09-17 15:57:33] EDIT estor3/views/layout.html: -1
[2016-09-17 15:57:49] EDIT estor3/views/layout.html: 1
[2016-09-17 15:58:55] EDIT estor3/static/css/web2py-bootstrap3.css: 0
[2016-09-17 16:00:38] EDIT estor3/views/layout.html: 0
[2016-09-17 16:03:17] EDIT estor3/static/css/web2py-bootstrap3.css: 2
[2016-09-17 16:03:32] EDIT estor3/static/css/web2py-bootstrap3.css: 0
[2016-09-17 16:03:44] EDIT estor3/models/menu.py: 0
[2016-09-17 16:04:21] EDIT estor3/views/layout.html: 0
[2016-09-17 16:06:34] EDIT estor3/static/css/web2py-bootstrap3.css: -1
[2016-09-17 16:09:54] EDIT estor3/static/css/web2py-bootstrap3.css: 0
[2016-09-17 16:09:59] EDIT estor3/static/css/web2py-bootstrap3.css: 0
[2016-09-17 16:10:11] EDIT estor3/static/css/web2py-bootstrap3.css: 0
[2016-09-17 16:10:30] EDIT estor3/static/css/web2py-bootstrap3.css: 0
[2016-09-17 16:11:23] EDIT estor3/static/css/web2py-bootstrap3.css: 3
[2016-09-17 16:17:14] EDIT estor3/static/css/web2py-bootstrap3.css: 1
[2016-09-17 16:17:43] EDIT estor3/static/css/web2py-bootstrap3.css: 0
[2016-09-17 16:18:03] EDIT estor3/views/layout.html: 0
[2016-09-17 16:18:16] EDIT estor3/static/css/web2py-bootstrap3.css: 0
[2016-09-17 16:21:27] EDIT estor3/static/css/web2py-bootstrap3.css: 0
[2016-09-17 16:21:55] EDIT estor3/static/css/web2py-bootstrap3.css: 0
[2016-09-17 16:22:30] EDIT estor3/static/css/web2py-bootstrap3.css: -2
[2016-09-17 16:22:49] EDIT estor3/static/css/web2py-bootstrap3.css: 2
[2016-09-17 16:24:45] EDIT estor3/static/css/web2py-bootstrap3.css: 0
[2016-09-17 16:25:29] EDIT estor3/static/css/web2py-bootstrap3.css: 1
[2016-09-17 16:28:14] EDIT estor3/static/css/web2py-bootstrap3.css: 0
[2016-09-17 16:29:16] EDIT estor3/static/css/web2py-bootstrap3.css: -5
[2016-09-17 16:30:37] EDIT estor3/views/layout.html: 0
[2016-09-17 16:33:38] EDIT estor3/static/css/web2py-bootstrap3.css: 3
[2016-09-17 16:34:13] EDIT estor3/static/css/web2py-bootstrap3.css: 2
[2016-09-17 16:34:32] EDIT estor3/static/css/web2py-bootstrap3.css: 0
[2016-09-17 16:35:38] EDIT estor3/static/css/web2py-bootstrap3.css: 0
[2016-09-17 16:37:48] EDIT estor3/static/css/web2py-bootstrap3.css: 0
[2016-09-17 16:39:26] EDIT estor3/static/css/web2py-bootstrap3.css: 0
[2016-09-17 16:39:59] EDIT estor3/static/css/web2py-bootstrap3.css: 0
[2016-09-17 16:40:48] EDIT estor3/static/css/web2py.css: 0
[2016-09-17 16:40:58] EDIT estor3/static/css/web2py.css: 0
[2016-09-17 16:41:43] EDIT estor3/static/css/web2py-bootstrap3.css: 0
[2016-09-17 16:46:47] EDIT estor3/static/css/web2py-bootstrap3.css: 13
[2016-09-17 16:48:29] EDIT estor3/static/css/web2py-bootstrap3.css: 2
[2016-09-17 16:50:10] EDIT estor3/static/css/web2py-bootstrap3.css: 2
[2016-09-17 16:50:53] EDIT estor3/static/css/web2py-bootstrap3.css: 0
[2016-09-17 16:51:05] EDIT estor3/static/css/web2py-bootstrap3.css: 0
[2016-09-17 23:49:33] EDIT estor3/static/css/web2py-bootstrap3.css: 4
[2016-09-17 23:52:24] EDIT estor3/static/css/web2py-bootstrap3.css: -3
[2016-09-17 23:55:19] EDIT estor3/static/css/web2py-bootstrap3.css: -4
[2016-09-17 23:56:57] EDIT estor3/views/layout.html: 0
[2016-09-17 23:58:45] EDIT estor3/static/css/web2py-bootstrap3.css: 1
[2016-09-17 23:59:03] EDIT estor3/static/css/web2py-bootstrap3.css: 0
[2016-09-17 23:59:57] EDIT estor3/static/css/web2py-bootstrap3.css: 0
[2016-09-18 00:00:44] EDIT estor3/static/css/web2py-bootstrap3.css: 0
[2016-09-18 00:02:24] EDIT estor3/static/css/web2py-bootstrap3.css: -3
[2016-09-18 00:03:08] EDIT estor3/static/css/web2py-bootstrap3.css: 3
[2016-09-18 00:04:12] EDIT estor3/views/layout.html: 0
[2016-09-18 00:04:52] EDIT estor3/views/layout.html: 0
[2016-09-18 00:04:58] EDIT estor3/views/layout.html: 0
[2016-09-18 00:05:17] EDIT estor3/views/layout.html: 0
[2016-09-18 00:05:32] EDIT estor3/static/css/web2py-bootstrap3.css: 0
[2016-09-18 00:05:38] EDIT estor3/static/css/web2py-bootstrap3.css: 0
[2016-09-18 00:05:40] EDIT estor3/static/css/web2py-bootstrap3.css: 0
[2016-09-18 00:10:03] EDIT estor3/views/layout.html: 1
[2016-09-18 00:10:19] EDIT estor3/views/layout.html: -1
[2016-09-18 00:10:41] EDIT estor3/views/layout.html: 0
[2016-09-18 00:13:52] EDIT estor3/views/layout.html: 6
[2016-09-18 00:14:05] EDIT estor3/views/layout.html: 0
[2016-09-18 00:14:20] EDIT estor3/views/layout.html: 0
[2016-09-18 00:15:10] EDIT estor3/views/layout.html: 0
[2016-09-18 00:15:24] EDIT estor3/views/layout.html: -6
[2016-09-18 00:15:32] EDIT estor3/views/layout.html: 6
[2016-09-18 00:16:03] EDIT estor3/views/layout.html: 0
[2016-09-18 00:16:46] EDIT estor3/views/layout.html: 0
[2016-09-18 00:17:18] EDIT estor3/static/css/web2py-bootstrap3.css: 4
[2016-09-18 00:17:32] EDIT estor3/views/layout.html: 0
[2016-09-18 00:17:52] EDIT estor3/static/css/web2py-bootstrap3.css: 0
[2016-09-18 00:18:18] EDIT estor3/static/css/web2py-bootstrap3.css: 0
[2016-09-18 00:20:21] EDIT estor3/views/layout.html: 19
[2016-09-18 15:15:55] EDIT estor3/static/css/web2py-bootstrap3.css: 0
[2016-09-18 15:19:25] EDIT estor3/views/layout.html: 0
[2016-09-18 15:20:04] EDIT estor3/views/default/index.html: 27
[2016-09-18 15:20:36] EDIT estor3/views/default/index.html: 0
[2016-09-18 15:22:02] UPLOAD /opt/python-server/web2py-files/web2py/applications/estor3/static/carousel.jpg: 309
[2016-09-18 15:22:49] EDIT estor3/views/default/index.html: 0
[2016-09-18 15:22:57] DELETE estor3/static/carousel.jpg: -309
[2016-09-18 15:23:30] UPLOAD /opt/python-server/web2py-files/web2py/applications/estor3/static/images/carousel.jpeg: 309
[2016-09-18 15:23:47] EDIT estor3/views/default/index.html: 0
[2016-09-18 15:24:21] EDIT estor3/views/default/index.html: -1
[2016-09-18 15:31:40] EDIT estor3/views/default/index.html: -1
[2016-09-18 15:32:05] EDIT estor3/views/default/index.html: -8
[2016-09-18 15:33:22] EDIT estor3/static/css/web2py-bootstrap3.css: 0
[2016-09-18 15:34:17] EDIT estor3/views/default/index.html: -3
[2016-09-18 15:38:04] EDIT estor3/views/default/index.html: 0
[2016-09-18 15:39:31] EDIT estor3/static/css/web2py-bootstrap3.css: 4
[2016-09-18 15:43:07] EDIT estor3/static/css/web2py-bootstrap3.css: 5
[2016-09-18 15:48:30] EDIT estor3/static/css/web2py-bootstrap3.css: 1
[2016-09-18 15:49:18] EDIT estor3/static/css/web2py-bootstrap3.css: 2
[2016-09-18 15:50:08] EDIT estor3/static/css/web2py-bootstrap3.css: 0
[2016-09-18 15:50:28] EDIT estor3/static/css/web2py-bootstrap3.css: 0
[2016-09-18 15:52:07] EDIT estor3/static/css/web2py-bootstrap3.css: 0
[2016-09-18 15:52:38] EDIT estor3/static/css/web2py-bootstrap3.css: 0
[2016-09-18 15:52:48] EDIT estor3/static/css/web2py-bootstrap3.css: 0
[2016-09-18 15:54:23] EDIT estor3/static/css/web2py-bootstrap3.css: -2
[2016-09-18 15:54:39] EDIT estor3/static/css/web2py-bootstrap3.css: 0
[2016-09-18 15:59:10] EDIT estor3/controllers/default.py: 0
[2016-09-18 15:59:35] EDIT estor3/views/layout.html: 0
[2016-09-18 16:00:02] EDIT estor3/static/css/web2py-bootstrap3.css: -1
[2016-09-18 16:00:12] EDIT estor3/views/default/index.html: 1
[2016-09-18 16:00:23] EDIT estor3/views/default/index.html: 0
[2016-09-18 16:00:47] EDIT estor3/views/default/index.html: 0
[2016-09-18 16:22:11] EDIT estor3/views/default/index.html: 0
[2016-09-18 16:22:44] EDIT estor3/models/menu.py: 0
[2016-09-18 16:23:50] EDIT estor3/views/default/index.html: 13
[2016-09-18 16:24:03] EDIT estor3/views/default/index.html: -1
[2016-09-18 16:24:47] EDIT estor3/views/default/index.html: 0
[2016-09-18 16:25:08] EDIT estor3/views/default/index.html: -1
[2016-09-18 16:26:19] EDIT estor3/views/default/index.html: 0
[2016-09-18 16:28:31] EDIT estor3/views/default/index.html: 4
[2016-09-18 16:28:57] EDIT estor3/views/default/index.html: 10
[2016-09-18 16:29:19] EDIT estor3/views/default/index.html: 0
[2016-09-18 16:30:02] EDIT estor3/views/default/index.html: 0
[2016-09-18 16:30:18] EDIT estor3/views/default/index.html: 0
[2016-09-18 16:31:03] EDIT estor3/views/default/index.html: 0
[2016-09-18 16:31:46] EDIT estor3/views/default/index.html: 6
[2016-09-18 16:33:44] EDIT estor3/views/default/index.html: 8
[2016-09-18 16:35:55] EDIT estor3/views/default/index.html: 0
[2016-09-18 16:36:06] EDIT estor3/views/default/index.html: 0
[2016-09-18 16:36:39] EDIT estor3/views/default/index.html: -1
[2016-09-18 16:38:25] EDIT estor3/views/default/index.html: -1
[2016-09-18 16:40:03] EDIT estor3/static/css/web2py-bootstrap3.css: 3
[2016-09-18 16:40:56] EDIT estor3/static/css/web2py-bootstrap3.css: 0
[2016-09-18 16:42:27] EDIT estor3/static/css/web2py-bootstrap3.css: 2
[2016-09-18 16:43:29] EDIT estor3/static/css/web2py-bootstrap3.css: 0
[2016-09-18 16:43:40] EDIT estor3/static/css/web2py-bootstrap3.css: 0
[2016-09-18 16:44:58] EDIT estor3/static/css/web2py-bootstrap3.css: -1
[2016-09-18 16:46:26] EDIT estor3/views/layout.html: 5
[2016-09-18 16:47:13] EDIT estor3/views/layout.html: 0
[2016-09-18 16:47:37] EDIT estor3/views/layout.html: -5
[2016-09-18 16:48:36] EDIT estor3/static/js/web2py-bootstrap3.js: 5
[2016-09-18 16:49:10] EDIT estor3/static/js/web2py-bootstrap3.js: 0
[2016-09-18 16:54:18] EDIT estor3/views/default/index.html: 3
[2016-09-18 16:54:35] EDIT estor3/views/default/index.html: 0
[2016-09-18 16:55:20] EDIT estor3/views/default/index.html: 1
[2016-09-18 16:59:29] EDIT estor3/views/default/index.html: -18
[2016-09-18 17:00:07] EDIT estor3/views/default/index.html: 3
[2016-09-18 17:00:25] EDIT estor3/views/default/index.html: 0
[2016-09-18 17:01:30] EDIT estor3/views/default/index.html: 48
[2016-09-18 17:02:49] EDIT estor3/views/default/index.html: 0
[2016-09-18 17:03:17] EDIT estor3/views/default/index.html: 0
[2016-09-18 17:03:52] EDIT estor3/views/default/index.html: 0
[2016-09-18 17:11:15] EDIT estor3/views/layout.html: 0
[2016-09-18 17:12:17] EDIT estor3/views/layout.html: 0
[2016-09-18 17:13:39] EDIT estor3/views/default/index.html: 3
[2016-09-18 17:14:18] EDIT estor3/views/default/index.html: 0
[2016-09-18 17:15:41] EDIT estor3/views/default/index.html: -1427
[2016-09-18 17:15:58] EDIT estor3/views/default/index.html: 1427
[2016-09-18 17:17:31] EDIT estor3/views/layout.html: 2
[2016-09-18 17:18:24] EDIT estor3/views/default/index.html: 3
[2016-09-18 17:19:27] EDIT estor3/views/default/index.html: 1
[2016-09-18 17:19:56] EDIT estor3/views/layout.html: 0
[2016-09-18 17:20:08] EDIT estor3/views/default/index.html: 0
[2016-09-18 17:20:48] EDIT estor3/views/default/index.html: -1
[2016-09-18 17:20:55] EDIT estor3/views/default/index.html: 1
[2016-09-18 17:22:13] EDIT estor3/views/default/index.html: -2
[2016-09-18 17:22:30] EDIT estor3/views/default/index.html: 0
[2016-09-18 17:23:15] EDIT estor3/views/default/index.html: 0
[2016-09-18 17:24:58] EDIT estor3/views/default/index.html: 12
[2016-09-18 17:26:22] EDIT estor3/views/default/index.html: -12
[2016-09-18 17:27:00] EDIT estor3/views/default/index.html: -1410
[2016-09-18 17:28:07] CREATE default/others.html: 0
[2016-09-18 17:28:13] EDIT estor3/views/default/others.html: 1409
[2016-09-18 17:29:28] EDIT estor3/views/default/index.html: 0
[2016-09-18 17:29:59] EDIT estor3/static/css/web2py-bootstrap3.css: -1
[2016-09-18 17:31:16] EDIT estor3/static/css/web2py-bootstrap3.css: 1
[2016-09-18 17:31:28] EDIT estor3/static/css/web2py-bootstrap3.css: -3
[2016-09-18 17:31:47] EDIT estor3/static/css/web2py-bootstrap3.css: 3
[2016-09-18 17:32:44] EDIT estor3/views/default/index.html: 0
[2016-09-18 17:34:02] EDIT estor3/static/css/web2py-bootstrap3.css: 3
[2016-09-18 17:34:15] EDIT estor3/static/css/web2py-bootstrap3.css: 0
[2016-09-18 17:37:03] EDIT estor3/static/css/web2py-bootstrap3.css: 3
[2016-09-18 17:39:41] EDIT estor3/views/default/index.html: 9
[2016-09-18 17:40:37] EDIT estor3/views/default/index.html: 0
[2016-09-18 17:40:57] EDIT estor3/views/default/index.html: 0
[2016-09-18 17:41:16] EDIT estor3/views/default/index.html: 0
[2016-09-18 17:41:16] EDIT estor3/views/default/index.html: 0
[2016-09-18 17:41:16] EDIT estor3/views/default/index.html: 0
[2016-09-18 17:41:31] EDIT estor3/views/default/index.html: 0
[2016-09-18 17:41:38] EDIT estor3/views/default/index.html: 0
[2016-09-18 17:42:46] EDIT estor3/static/css/web2py-bootstrap3.css: 3
[2016-09-18 17:43:40] EDIT estor3/static/css/web2py-bootstrap3.css: 0
[2016-09-18 17:44:42] EDIT estor3/static/css/web2py-bootstrap3.css: 1
[2016-09-18 17:46:45] EDIT estor3/static/css/web2py-bootstrap3.css: -3
[2016-09-18 17:47:47] EDIT estor3/views/layout.html: 0
[2016-09-18 17:49:02] EDIT estor3/views/layout.html: 0
[2016-09-18 17:50:05] EDIT estor3/views/layout.html: -2
[2016-09-18 17:51:25] EDIT estor3/views/layout.html: 0
[2016-09-18 17:52:39] EDIT estor3/views/layout.html: -14
[2016-09-18 17:52:53] EDIT estor3/views/layout.html: 0
[2016-09-18 17:53:30] EDIT estor3/views/layout.html: 0
[2016-09-18 17:53:43] EDIT estor3/views/layout.html: 0
[2016-09-18 17:54:51] EDIT estor3/views/layout.html: 0
[2016-09-18 17:56:00] EDIT estor3/static/css/web2py-bootstrap3.css: 0
[2016-09-18 17:56:42] EDIT estor3/static/css/web2py-bootstrap3.css: 0
[2016-09-18 17:57:21] EDIT estor3/views/layout.html: 3
[2016-09-18 17:57:44] EDIT estor3/views/layout.html: 6
[2016-09-18 17:59:49] EDIT estor3/views/layout.html: 0
[2016-09-18 18:00:10] EDIT estor3/views/layout.html: 0
[2016-09-18 18:00:52] EDIT estor3/views/layout.html: 0
[2016-09-18 18:03:32] EDIT estor3/views/layout.html: 0
[2016-09-18 18:03:44] EDIT estor3/views/layout.html: 0
[2017-01-07 15:21:51] EDIT atencion/models/db.py: 0
[2017-01-07 15:22:05] EDIT atencion/models/db.py: 0
[2017-01-07 15:24:46] EDIT atencion/models/db.py: 2
[2017-01-07 15:25:48] EDIT atencion/models/db.py: 0
[2017-01-07 15:27:10] EDIT atencion/models/db.py: 0
[2017-01-07 15:29:15] EDIT atencion/models/db.py: 0
[2017-01-07 15:33:44] EDIT atencion/models/menu.py: 1
[2017-01-07 15:34:21] EDIT atencion/models/menu.py: 0
[2017-01-07 15:40:50] EDIT atencion/models/db.py: 9
[2017-01-07 15:40:57] EDIT atencion/models/db.py: 0
[2017-01-07 15:41:57] EDIT atencion/models/db.py: 0
[2017-01-07 15:43:16] EDIT atencion/models/db.py: 1
[2017-01-07 15:43:36] EDIT atencion/models/db.py: 1
[2017-01-07 15:46:24] EDIT atencion/models/db.py: 0
[2017-01-07 15:47:58] EDIT atencion/models/db.py: 12
[2017-01-07 15:51:11] EDIT atencion/models/db.py: 2
[2017-01-07 15:51:41] EDIT atencion/models/db.py: 0
[2017-01-07 15:52:24] EDIT atencion/models/db.py: -4
[2017-01-07 15:52:56] EDIT atencion/models/db.py: 1
[2017-01-07 15:54:50] EDIT atencion/models/db.py: 1
[2017-01-07 15:55:12] EDIT atencion/models/db.py: 0
[2017-01-07 15:57:38] EDIT atencion/models/db.py: 0
[2017-01-07 15:58:46] EDIT atencion/models/db.py: 12
[2017-01-07 16:02:24] EDIT atencion/models/db.py: 2
[2017-01-07 16:02:31] EDIT atencion/models/db.py: 0
[2017-01-07 16:04:10] EDIT atencion/models/db.py: 3
[2017-01-07 16:05:02] EDIT atencion/models/db.py: 0
[2017-01-07 16:12:38] EDIT atencion/models/menu.py: 3
[2017-01-07 16:16:42] EDIT atencion/models/menu.py: 0
[2017-01-07 16:17:45] EDIT atencion/models/menu.py: 1
[2017-01-07 16:19:49] EDIT atencion/models/menu.py: 0
[2017-01-07 16:46:03] EDIT atencion/models/menu.py: 0
[2017-02-03 14:37:32] EDIT atencion/views/layout.html: 0
[2017-02-03 14:38:55] EDIT atencion/views/layout.html: 0
[2017-02-07 10:39:13] EDIT proyect/private/appconfig.ini: 1
[2017-02-07 10:40:20] EDIT proyect/private/appconfig.ini: 0
[2017-02-07 10:43:27] EDIT proyect/views/layout.html: -2
[2017-02-07 10:45:56] EDIT proyect/views/layout.html: -4
[2017-02-07 10:46:38] EDIT proyect/views/web2py_ajax.html: 0
[2017-02-07 10:47:29] EDIT proyect/views/layout.html: -1
[2017-02-07 10:48:45] EDIT proyect/views/layout.html: 0
[2017-02-07 10:50:30] EDIT proyect/views/layout.html: 207
[2017-02-07 11:03:40] EDIT proyect/models/db.py: 1
[2017-02-07 11:03:49] EDIT proyect/views/layout.html: -207
[2017-02-07 11:04:05] EDIT proyect/views/layout.html: 207
[2017-02-07 11:04:30] EDIT proyect/controllers/default.py: -1
[2017-02-07 11:04:49] EDIT proyect/controllers/default.py: 1
[2017-02-07 11:05:02] EDIT proyect/controllers/default.py: 0
[2017-02-07 11:05:22] EDIT proyect/controllers/default.py: 0
[2017-02-07 11:07:17] EDIT proyect/models/db.py: 0
[2017-02-07 11:08:11] EDIT proyect/static/css/web2py-bootstrap3.css: 0
[2017-02-07 11:08:29] EDIT proyect/static/css/web2py-bootstrap3.css: 0
[2017-02-07 11:19:38] EDIT proyect/views/layout.html: 0
[2017-02-07 11:22:35] EDIT proyect/views/layout.html: -207
[2017-02-07 11:35:16] EDIT proyect/static/css/web2py-bootstrap3.css: -10
[2017-02-07 12:20:05] EDIT proyect/views/layout_homepage.html: -62
[2017-02-07 12:21:17] EDIT proyect/views/layout_homepage.html: 1
[2017-02-07 12:22:06] EDIT proyect/views/layout_homepage.html: 0
[2017-02-07 12:22:11] EDIT proyect/views/layout_homepage.html: 0
[2017-02-07 12:22:52] EDIT proyect/views/layout_homepage.html: 0
[2017-02-07 12:23:32] EDIT proyect/views/layout_homepage.html: -1
[2017-02-07 12:24:13] EDIT proyect/views/layout_homepage.html: 0
[2017-02-07 12:25:16] EDIT proyect/views/default/user.html: -6
[2017-02-07 12:25:24] EDIT proyect/views/default/user.html: 0
[2017-02-07 12:26:13] EDIT proyect/views/layout_homepage.html: -2
[2017-02-07 12:31:12] EDIT proyect/controllers/default.py: 8
[2017-02-07 12:31:50] EDIT proyect/controllers/default.py: 0
[2017-02-07 12:32:00] EDIT proyect/views/default/user.html: 0
[2017-02-07 12:34:48] EDIT proyect/controllers/default.py: 0
[2017-02-07 12:46:56] EDIT proyect/controllers/default.py: 0
[2017-02-07 12:48:10] EDIT proyect/controllers/default.py: 0
[2017-02-07 12:49:34] EDIT proyect/controllers/default.py: 0
[2017-02-07 12:50:32] EDIT proyect/controllers/default.py: 0
[2017-02-07 12:51:00] EDIT proyect/controllers/default.py: 0
[2017-02-07 12:59:12] EDIT proyect/controllers/default.py: 0
[2017-02-07 12:59:32] EDIT proyect/controllers/default.py: 0
[2017-02-07 12:59:52] EDIT proyect/controllers/default.py: 0
[2017-02-07 13:00:15] EDIT proyect/controllers/default.py: 0
[2017-02-07 13:02:09] EDIT proyect/controllers/default.py: 0
[2017-02-07 13:02:39] EDIT proyect/controllers/default.py: 0
[2017-02-07 13:05:05] EDIT proyect/controllers/default.py: 0
[2017-02-07 13:05:57] EDIT proyect/views/layout_homepage.html: 1
[2017-02-07 13:07:47] EDIT proyect/views/layout_homepage.html: -1
[2017-02-07 13:09:17] EDIT proyect/controllers/default.py: 0
[2017-02-07 13:09:23] EDIT proyect/controllers/default.py: 0
[2017-02-07 13:10:57] EDIT proyect/controllers/default.py: 0
[2017-02-07 13:11:46] EDIT proyect/controllers/default.py: 0
[2017-02-07 13:14:55] EDIT proyect/controllers/default.py: 0
[2017-02-07 13:15:09] EDIT proyect/controllers/default.py: 0
[2017-02-07 13:15:49] EDIT proyect/controllers/default.py: 0
[2017-02-07 22:45:28] EDIT proyect/controllers/default.py: 0
[2017-02-07 22:45:51] EDIT proyect/controllers/default.py: 0
[2017-02-07 22:46:53] EDIT proyect/views/layout_homepage.html: -2
[2017-02-07 22:47:42] EDIT proyect/controllers/default.py: 0
[2017-02-07 22:48:08] EDIT proyect/controllers/default.py: 0
[2017-02-07 22:50:59] EDIT proyect/controllers/default.py: 6
[2017-02-07 22:54:25] EDIT proyect/controllers/default.py: 1
[2017-02-07 22:54:54] EDIT proyect/controllers/default.py: 1
[2017-02-07 22:55:02] EDIT proyect/controllers/default.py: 0
[2017-02-07 22:55:09] EDIT proyect/controllers/default.py: 0
[2017-02-07 22:55:22] EDIT proyect/controllers/default.py: 0
[2017-02-08 09:43:54] EDIT proyect/controllers/default.py: 2
[2017-02-08 09:45:47] EDIT proyect/static/css/web2py-bootstrap3.css: 1
[2017-02-08 09:48:48] EDIT proyect/controllers/default.py: 0
[2017-02-08 09:51:03] EDIT proyect/controllers/default.py: -5
[2017-02-08 09:51:25] EDIT proyect/static/css/style.css: 0
[2017-02-08 09:53:52] EDIT proyect/models/db.py: 2
[2017-02-08 09:56:41] EDIT proyect/controllers/default.py: 1
[2017-02-08 09:57:31] EDIT proyect/controllers/default.py: 0
[2017-02-08 10:01:13] EDIT proyect/controllers/default.py: 0
[2017-02-08 10:10:44] EDIT proyect/controllers/admin.py: 0
[2017-02-08 10:11:02] EDIT proyect/controllers/evaluador.py: 0
[2017-02-08 10:17:31] EDIT proyect/static/css/style.css: 3
[2017-02-08 10:19:35] EDIT proyect/static/css/style.css: 0
[2017-02-08 10:20:28] EDIT proyect/static/css/style.css: 0
[2017-02-08 10:24:00] EDIT proyect/controllers/admin.py: 3
[2017-02-08 10:27:53] CREATE admin/index.html: 0
[2017-02-08 10:30:43] EDIT proyect/controllers/default.py: 1
[2017-02-08 10:39:14] EDIT proyect/models/menu.py: 0
[2017-02-08 10:40:04] EDIT proyect/controllers/default.py: -2
[2017-02-08 10:40:27] EDIT proyect/controllers/default.py: 0
[2017-02-08 10:41:23] EDIT proyect/controllers/default.py: 0
[2017-02-08 10:45:31] EDIT proyect/views/layout.html: -215
[2017-02-08 10:45:43] EDIT proyect/views/layout.html: -2
[2017-02-08 10:46:28] EDIT proyect/views/layout.html: 0
[2017-02-08 10:46:43] EDIT proyect/views/layout.html: 0
[2017-02-08 10:47:02] EDIT proyect/views/layout.html: 0
[2017-02-08 10:47:27] EDIT proyect/views/layout.html: 0
[2017-02-08 10:48:47] EDIT proyect/views/layout.html: -1
[2017-02-08 10:49:22] EDIT proyect/views/layout.html: -12
[2017-02-08 10:50:34] EDIT proyect/views/layout.html: 0
[2017-02-08 10:51:43] EDIT proyect/views/layout.html: 0
[2017-02-08 10:52:32] EDIT proyect/views/layout.html: 0
[2017-02-08 10:53:11] EDIT proyect/views/layout.html: 0
[2017-02-08 10:58:34] EDIT proyect/views/layout.html: -2
[2017-02-08 11:01:10] EDIT proyect/views/layout.html: 0
[2017-02-08 11:02:33] EDIT proyect/views/layout.html: 0
[2017-02-08 11:02:51] EDIT proyect/views/layout.html: 0
[2017-02-08 11:03:21] EDIT proyect/views/layout.html: 0
[2017-02-08 11:03:46] EDIT proyect/views/layout.html: 0
[2017-02-08 11:04:32] EDIT proyect/views/layout.html: 0
[2017-02-08 11:05:10] EDIT proyect/views/layout.html: 0
[2017-02-08 11:07:14] EDIT proyect/views/layout.html: 0
[2017-02-08 11:09:02] EDIT proyect/views/layout.html: 1
[2017-02-08 11:09:17] EDIT proyect/views/layout.html: 0
[2017-02-08 14:28:15] EDIT proyect1/models/menu.py: 0
[2017-02-08 14:35:43] EDIT proyect1/views/layout.html: 0
[2017-02-08 14:36:06] EDIT proyect1/views/layout.html: 0
[2017-02-08 14:36:24] EDIT proyect1/views/layout.html: 0
[2017-02-08 14:36:40] EDIT proyect1/views/layout.html: 0
[2017-02-08 14:39:56] EDIT proyect1/views/layout.html: 0
[2017-02-08 14:40:42] EDIT proyect1/views/layout.html: -2
[2017-02-09 11:05:43] EDIT proyect/views/layout.html: 14
[2017-02-09 11:08:56] EDIT proyect/views/layout.html: 0
[2017-02-09 11:09:17] EDIT proyect/views/layout.html: 0
[2017-02-09 11:09:47] EDIT proyect/views/layout.html: 0
[2017-02-09 11:09:55] EDIT proyect/views/layout.html: 0
[2017-02-09 11:10:59] EDIT proyect/views/layout.html: -17
[2017-02-09 11:13:31] EDIT proyect/static/css/style.css: 3
[2017-02-09 11:14:37] EDIT proyect/static/css/style.css: 3
[2017-02-09 11:14:49] EDIT proyect/static/css/style.css: 0
[2017-02-09 11:15:48] EDIT proyect/static/css/style.css: 4
[2017-02-09 11:16:01] EDIT proyect/static/css/style.css: 0
[2017-02-09 11:16:30] EDIT proyect/static/css/style.css: 0
[2017-02-09 11:17:21] EDIT proyect/views/layout.html: 3
[2017-02-09 11:18:04] EDIT proyect/views/layout.html: 0
[2017-02-09 11:19:08] EDIT proyect/views/layout.html: 0
[2017-02-09 11:20:40] EDIT proyect/static/css/style.css: 19
[2017-02-09 11:21:36] EDIT proyect/views/layout.html: 0
[2017-02-09 11:22:03] EDIT proyect/views/layout.html: 0
[2017-02-09 11:23:49] EDIT proyect/views/layout.html: 0
[2017-02-09 11:24:12] EDIT proyect/views/layout.html: 1
[2017-02-09 11:24:23] EDIT proyect/views/layout.html: 0
[2017-02-09 11:25:37] EDIT proyect/static/css/web2py-bootstrap3.css: -12
[2017-02-09 11:34:17] EDIT proyect/private/appconfig.ini: 0
[2017-02-09 11:48:13] EDIT proyect/views/layout.html: 3
[2017-02-09 11:49:01] EDIT proyect/views/layout.html: 0
[2017-02-09 11:49:01] EDIT proyect/views/layout.html: 0
[2017-02-09 11:49:01] EDIT proyect/views/layout.html: 0
[2017-02-09 11:49:01] EDIT proyect/views/layout.html: 0
[2017-02-09 11:49:02] EDIT proyect/views/layout.html: 0
[2017-02-09 11:49:15] EDIT proyect/views/layout.html: -1
[2017-02-09 11:49:28] EDIT proyect/views/layout.html: 0
[2017-02-09 11:53:51] EDIT proyect/views/layout.html: 5
[2017-02-09 11:54:30] EDIT proyect/views/layout.html: 0
[2017-02-09 11:56:15] EDIT proyect/static/css/style.css: -13
[2017-02-09 11:57:28] EDIT proyect/static/css/style.css: -39
[2017-02-09 11:57:47] EDIT proyect/views/layout.html: 0
[2017-02-09 11:59:22] EDIT proyect/static/css/style.css: 3
[2017-02-09 12:00:08] EDIT proyect/static/css/style.css: 6
[2017-02-09 12:00:56] EDIT proyect/static/css/style.css: 3
[2017-02-09 12:02:56] EDIT proyect/static/css/web2py-bootstrap3.css: 0
[2017-02-09 12:02:57] EDIT proyect/static/css/web2py-bootstrap3.css: 0
[2017-02-09 12:03:17] EDIT proyect/static/css/web2py-bootstrap3.css: 0
[2017-02-09 12:03:25] EDIT proyect/static/css/web2py-bootstrap3.css: 0
[2017-02-09 12:03:33] EDIT proyect/static/css/web2py-bootstrap3.css: 0
[2017-02-09 12:03:42] EDIT proyect/static/css/web2py-bootstrap3.css: 0
[2017-02-09 12:03:46] EDIT proyect/static/css/web2py-bootstrap3.css: 0
[2017-02-09 12:03:53] EDIT proyect/static/css/web2py-bootstrap3.css: 0
[2017-02-09 12:04:36] EDIT proyect/static/css/style.css: 3
[2017-02-09 12:05:02] EDIT proyect/static/css/style.css: 3
[2017-02-09 12:05:59] EDIT proyect/models/menu.py: 0
[2017-02-09 12:06:08] EDIT proyect/models/menu.py: 0
[2017-02-09 12:06:18] EDIT proyect/models/menu.py: 0
[2017-02-09 12:06:48] EDIT proyect/static/css/style.css: 3
[2017-02-09 12:07:00] EDIT proyect/models/menu.py: 0
[2017-02-09 12:11:25] EDIT proyect/static/css/style.css: 0
[2017-02-09 12:12:44] EDIT proyect/views/web2py_ajax.html: 0
[2017-02-09 12:13:04] EDIT proyect/views/web2py_ajax.html: 0
[2017-02-09 12:13:32] EDIT proyect/views/web2py_ajax.html: 0
[2017-02-10 15:00:31] EDIT cvrfv14/views/layout_homepage.html: -1
[2017-02-10 15:22:34] EDIT cvrfv14/views/layout_homepage.html: 245
[2017-02-10 15:22:59] EDIT cvrfv14/views/layout_homepage.html: -21
[2017-02-10 15:25:10] EDIT cvrfv14/views/layout_homepage.html: -1
[2017-02-10 15:26:08] EDIT cvrfv14/views/layout_homepage.html: -29
[2017-02-10 15:26:16] EDIT cvrfv14/views/layout_homepage.html: 0
[2017-02-10 15:28:01] EDIT cvrfv14/views/web2py_ajax.html: 0
[2017-02-10 15:28:18] EDIT cvrfv14/views/layout_homepage.html: -2
[2017-02-10 15:28:50] EDIT cvrfv14/views/layout_homepage.html: 1
[2017-02-10 15:29:45] EDIT cvrfv14/static/css/style.css: -3
[2017-02-10 15:30:59] EDIT cvrfv14/static/css/style.css: -38
[2017-02-10 15:32:25] EDIT cvrfv14/static/css/style.css: 52
[2017-02-10 15:33:03] EDIT cvrfv14/static/css/style.css: -52
[2017-02-10 15:39:15] EDIT cvrfv14/static/css/style.css: 59
[2017-02-10 15:40:41] EDIT cvrfv14/views/layout_homepage.html: 0
[2017-02-10 15:41:38] EDIT cvrfv14/views/layout_homepage.html: 7
[2017-02-10 15:42:13] EDIT cvrfv14/views/layout_homepage.html: -1
[2017-02-10 15:43:10] EDIT cvrfv14/views/default/index.html: -4
[2017-02-10 15:44:59] EDIT cvrfv14/static/css/style.css: 52
[2017-02-10 15:45:48] EDIT cvrfv14/static/css/style.css: -19
[2017-02-10 15:46:54] EDIT cvrfv14/static/css/style.css: 1
[2017-02-10 15:47:27] EDIT cvrfv14/static/css/style.css: -8
[2017-02-10 15:50:56] EDIT cvrfv14/static/css/style.css: -28
[2017-02-10 15:51:43] EDIT cvrfv14/static/css/style.css: 36
[2017-02-10 15:57:32] EDIT cvrfv14/static/css/style.css: -27
[2017-02-10 16:01:24] EDIT cvrfv14/static/css/style.css: 0
[2017-02-10 16:03:53] EDIT cvrfv14/views/layout_homepage.html: 24
[2017-02-10 16:05:37] EDIT cvrfv14/static/css/style.css: 37
[2017-02-10 16:05:45] EDIT cvrfv14/static/css/style.css: -7
[2017-02-10 16:07:34] EDIT cvrfv14/views/layout_homepage.html: 7
[2017-02-10 16:08:30] EDIT cvrfv14/views/layout_homepage.html: -7
[2017-02-10 16:09:40] EDIT cvrfv14/views/layout_homepage.html: 24
[2017-02-10 16:12:04] EDIT cvrfv14/views/layout_homepage.html: 0
[2017-02-10 16:13:20] EDIT cvrfv14/views/layout_homepage.html: -29
[2017-02-10 16:15:23] EDIT cvrfv14/views/layout_homepage.html: 0
[2017-02-10 16:18:19] EDIT cvrfv14/views/layout_homepage.html: -27
[2017-02-10 16:18:21] EDIT cvrfv14/views/layout_homepage.html: 0
[2017-02-10 16:19:10] EDIT cvrfv14/static/css/style.css: -25
[2017-02-10 16:20:03] EDIT cvrfv14/views/layout_homepage.html: 2
[2017-02-10 16:21:09] EDIT cvrfv14/views/layout_homepage.html: 0
[2017-02-10 16:21:12] EDIT cvrfv14/views/layout_homepage.html: 0
[2017-02-10 16:21:38] EDIT cvrfv14/views/layout_homepage.html: 0
[2017-02-10 16:22:09] EDIT cvrfv14/views/layout_homepage.html: 3
[2017-02-10 16:22:27] EDIT cvrfv14/views/layout_homepage.html: 0
[2017-02-10 16:22:43] EDIT cvrfv14/views/layout_homepage.html: 0
[2017-02-10 16:23:24] EDIT cvrfv14/views/layout_homepage.html: -1
[2017-02-10 16:24:29] EDIT cvrfv14/views/layout_homepage.html: 1
[2017-02-10 16:25:01] EDIT cvrfv14/views/layout_homepage.html: 1
[2017-02-10 16:25:34] EDIT cvrfv14/views/layout_homepage.html: -1
[2017-02-10 16:26:00] EDIT cvrfv14/views/layout_homepage.html: -2
[2017-02-10 16:26:29] EDIT cvrfv14/views/layout_homepage.html: 0
[2017-02-10 16:26:48] EDIT cvrfv14/views/layout_homepage.html: 2
[2017-02-10 16:28:36] EDIT cvrfv14/static/css/style.css: 4
[2017-02-10 16:29:07] EDIT cvrfv14/static/css/style.css: 0
[2017-02-10 16:30:42] EDIT cvrfv14/views/layout_homepage.html: -3
[2017-02-10 16:31:01] EDIT cvrfv14/views/layout_homepage.html: 0
[2017-02-10 16:31:15] EDIT cvrfv14/views/layout_homepage.html: 0
[2017-02-10 16:32:48] EDIT cvrfv14/views/layout_homepage.html: 0
[2017-02-10 16:34:56] EDIT cvrfv14/static/css/style.css: 0
[2017-02-10 19:51:55] EDIT cvrfv14/static/css/style.css: 0
[2017-02-10 19:53:19] EDIT cvrfv14/static/css/style.css: 0
[2017-02-10 19:55:10] EDIT cvrfv14/static/css/style.css: 0
[2017-02-10 19:58:49] EDIT cvrfv14/static/css/style.css: 0
[2017-02-10 19:58:56] EDIT cvrfv14/static/css/style.css: -1
[2017-02-10 19:59:50] EDIT cvrfv14/views/layout_homepage.html: 0
[2017-02-10 20:01:30] EDIT cvrfv14/views/layout_homepage.html: -1
[2017-02-10 20:01:38] EDIT cvrfv14/views/layout_homepage.html: 0
[2017-02-10 20:03:04] EDIT cvrfv14/views/layout_homepage.html: 0
[2017-02-10 20:04:37] EDIT cvrfv14/controllers/default.py: -1
[2017-02-10 20:04:47] EDIT cvrfv14/views/default/index.html: -1
[2017-02-10 20:06:35] EDIT cvrfv14/views/layout_homepage.html: 0
[2017-02-10 20:06:51] EDIT cvrfv14/views/layout_homepage.html: 0
[2017-02-10 20:06:59] EDIT cvrfv14/views/layout_homepage.html: 0
[2017-02-10 20:07:36] EDIT cvrfv14/views/layout_homepage.html: 0
[2017-02-10 20:07:59] EDIT cvrfv14/views/layout_homepage.html: 0
[2017-02-10 21:27:25] EDIT cvrfv14/views/layout_homepage.html: 0
[2017-02-10 21:27:54] EDIT cvrfv14/views/layout_homepage.html: 0
[2017-02-10 21:28:03] EDIT cvrfv14/views/layout_homepage.html: 0
[2017-02-10 21:28:44] EDIT cvrfv14/views/layout_homepage.html: 0
[2017-02-10 21:42:47] EDIT cvrfv14/views/layout_homepage.html: 13
[2017-02-10 21:43:06] EDIT cvrfv14/views/layout_homepage.html: 0
[2017-02-10 21:43:14] EDIT cvrfv14/views/layout_homepage.html: 0
[2017-02-10 21:43:40] EDIT cvrfv14/views/layout_homepage.html: 0
[2017-02-10 21:47:42] EDIT cvrfv14/views/layout_homepage.html: 0
[2017-02-10 21:50:31] EDIT cvrfv14/views/layout_homepage.html: 20
[2017-02-10 21:50:55] EDIT cvrfv14/views/layout_homepage.html: -14
[2017-02-10 21:53:03] EDIT cvrfv14/static/css/style.css: 3
[2017-02-10 21:56:13] EDIT cvrfv14/views/layout_homepage.html: 1
[2017-02-10 21:57:45] EDIT cvrfv14/views/layout_homepage.html: 0
[2017-02-10 21:59:30] EDIT cvrfv14/static/css/style.css: 0
[2017-02-10 22:01:04] EDIT cvrfv14/views/layout_homepage.html: -26
[2017-02-10 22:02:04] EDIT cvrfv14/views/layout_homepage.html: 19
[2017-02-10 22:03:50] EDIT cvrfv14/views/layout_homepage.html: -3
[2017-02-10 22:07:31] EDIT cvrfv14/static/css/style.css: 0
[2017-02-10 22:08:06] EDIT cvrfv14/views/layout_homepage.html: 0
[2017-02-10 22:09:15] EDIT cvrfv14/views/layout_homepage.html: -1
[2017-02-10 22:09:49] EDIT cvrfv14/views/layout_homepage.html: 0
[2017-02-10 22:10:31] EDIT cvrfv14/views/layout_homepage.html: 5
[2017-02-10 22:11:02] EDIT cvrfv14/views/layout_homepage.html: 0
[2017-02-10 22:11:22] EDIT cvrfv14/views/layout_homepage.html: 0
[2017-02-10 22:11:59] EDIT cvrfv14/views/layout_homepage.html: 0
[2017-02-10 22:12:06] EDIT cvrfv14/views/layout_homepage.html: 0
[2017-02-10 22:12:13] EDIT cvrfv14/views/layout_homepage.html: 0
[2017-02-10 22:17:22] EDIT cvrfv14/views/layout_homepage.html: -26
[2017-02-10 22:17:43] EDIT cvrfv14/views/layout_homepage.html: -3
[2017-02-10 22:18:56] EDIT cvrfv14/views/layout_homepage.html: 0
[2017-02-10 22:19:12] EDIT cvrfv14/views/layout_homepage.html: 0
[2017-02-10 22:20:23] EDIT cvrfv14/views/layout_homepage.html: 0
[2017-02-10 22:21:05] EDIT cvrfv14/views/layout_homepage.html: 0
[2017-02-10 22:21:14] EDIT cvrfv14/views/layout_homepage.html: 0
[2017-02-10 22:21:23] EDIT cvrfv14/views/layout_homepage.html: 0
[2017-02-10 22:22:47] EDIT cvrfv14/views/layout_homepage.html: -3
[2017-02-10 22:23:18] EDIT cvrfv14/views/layout_homepage.html: 3
[2017-02-10 22:23:33] EDIT cvrfv14/views/layout_homepage.html: 0
[2017-02-10 22:23:58] EDIT cvrfv14/views/layout_homepage.html: 0
[2017-02-10 22:24:06] EDIT cvrfv14/views/layout_homepage.html: 0
[2017-02-10 22:24:57] EDIT cvrfv14/views/layout_homepage.html: 0
[2017-02-10 22:26:40] EDIT cvrfv14/views/layout_homepage.html: 0
[2017-02-10 22:28:18] EDIT cvrfv14/static/css/style.css: 2
[2017-02-10 22:32:32] EDIT cvrfv14/views/layout_homepage.html: 4
[2017-02-10 22:32:47] EDIT cvrfv14/views/layout_homepage.html: 0
[2017-02-10 22:33:27] EDIT cvrfv14/views/layout_homepage.html: 0
[2017-02-10 22:35:12] EDIT cvrfv14/views/layout_homepage.html: 1
[2017-02-10 22:35:48] EDIT cvrfv14/views/layout_homepage.html: 0
[2017-02-10 22:35:54] EDIT cvrfv14/views/layout_homepage.html: 1
[2017-02-10 22:39:25] EDIT cvrfv14/views/layout_homepage.html: -2
[2017-02-10 22:40:11] EDIT cvrfv14/views/layout_homepage.html: -1
[2017-02-10 22:40:21] EDIT cvrfv14/views/layout_homepage.html: 0
[2017-02-20 10:04:44] DELETE cvrf/controllers/component.py: -10
[2017-02-20 10:04:52] DELETE cvrf/controllers/especialista.py: -41
[2017-02-20 10:04:57] DELETE cvrf/controllers/reportes.py: -9
[2017-02-20 10:05:02] DELETE cvrf/controllers/estudiante.py: -12
[2017-02-20 10:11:41] EDIT cvrf/private/appconfig.ini: 5
[2017-02-20 10:19:19] EDIT cvrf/views/layout_homepage.html: -3
[2017-02-20 10:19:38] EDIT cvrf/views/layout_homepage.html: 0
[2017-02-20 10:24:27] CREATE resource.py: 0
[2017-02-20 10:24:30] CREATE blog.py: 0
[2017-02-20 10:24:35] CREATE oai.py: 0
[2017-02-20 10:24:46] CREATE forum.py: 0
[2017-02-20 10:25:28] EDIT cvrf/views/layout_homepage.html: 0
[2017-02-20 10:26:11] EDIT cvrf/views/layout_homepage.html: -9
[2017-02-20 10:27:20] EDIT cvrf/models/menu.py: -30
[2017-02-20 10:27:41] EDIT cvrf/views/layout_homepage.html: 0
[2017-02-20 10:28:02] EDIT cvrf/views/layout_homepage.html: 0
[2017-02-20 10:28:09] EDIT cvrf/views/layout_homepage.html: 0
[2017-02-20 10:28:26] EDIT cvrf/views/layout_homepage.html: 0
[2017-02-20 10:28:52] EDIT cvrf/static/css/style.css: 1
[2017-02-20 10:29:05] EDIT cvrf/static/css/style.css: 0
[2017-02-20 10:30:41] EDIT cvrf/views/layout_homepage.html: -9
[2017-02-20 10:31:14] EDIT cvrf/views/default/index.html: 12
[2017-02-20 10:33:03] EDIT cvrf/views/layout_homepage.html: -108
[2017-02-20 10:33:33] EDIT cvrf/views/default/index.html: 111
[2017-02-20 10:34:42] EDIT cvrf/views/layout_homepage.html: 3
[2017-02-20 10:35:18] EDIT cvrf/views/layout_homepage.html: 0
[2017-02-20 10:35:39] EDIT cvrf/models/db.py: -12
[2017-02-20 10:36:00] EDIT cvrf/models/db.py: -61
[2017-02-20 10:36:20] EDIT cvrf/controllers/default.py: 0
[2017-02-20 10:37:48] EDIT cvrf/views/default/index.html: 0
[2017-02-20 10:38:28] EDIT cvrf/views/default/index.html: 0
[2017-02-20 10:39:13] EDIT cvrf/views/default/index.html: 0
[2017-02-20 10:39:22] EDIT cvrf/views/default/index.html: 0
[2017-02-20 10:40:09] EDIT cvrf/views/default/index.html: 0
[2017-02-20 10:41:03] EDIT cvrf/views/default/index.html: 0
[2017-02-20 10:42:36] EDIT cvrf/views/default/index.html: 50
[2017-02-21 09:55:56] EDIT cvrf/views/layout_homepage.html: 1
[2017-02-21 10:00:16] EDIT cvrf/views/layout_homepage.html: -1
[2017-02-21 10:00:53] EDIT cvrf/views/layout_homepage.html: 0
[2017-02-21 10:02:24] EDIT cvrf/views/layout_homepage.html: 0
[2017-02-21 10:04:24] EDIT cvrf/views/layout_homepage.html: 0
[2017-02-21 10:06:32] EDIT cvrf/views/layout_homepage.html: 0
[2017-02-21 10:09:19] EDIT cvrf/views/layout_homepage.html: 3
[2017-02-21 10:09:45] EDIT cvrf/views/layout_homepage.html: 0
[2017-02-21 10:12:01] EDIT cvrf/views/layout_homepage.html: 0
[2017-02-21 10:13:31] EDIT cvrf/views/layout_homepage.html: 0
[2017-02-21 10:14:33] EDIT cvrf/views/layout_homepage.html: 0
[2017-02-21 10:15:55] EDIT cvrf/views/layout.html: 0
[2017-02-21 10:16:37] EDIT cvrf/views/layout.html: -2
[2017-02-21 10:17:19] EDIT cvrf/views/default/user.html: 0
[2017-02-21 10:19:31] EDIT cvrf/controllers/default.py: -14
[2017-02-21 10:19:43] EDIT cvrf/views/default/user.html: 0
[2017-02-21 10:20:35] EDIT cvrf/views/default/user.html: 11
[2017-02-21 10:21:38] EDIT cvrf/views/layout.html: 117
[2017-02-21 10:22:16] EDIT cvrf/views/layout.html: 2
[2017-02-21 10:24:13] EDIT cvrf/views/layout.html: -121
[2017-02-21 10:25:59] EDIT cvrf/controllers/default.py: 1
[2017-02-21 10:26:59] EDIT cvrf/static/css/style.css: 4
[2017-02-21 10:28:13] EDIT cvrf/static/css/style.css: 3
[2017-02-21 10:28:56] EDIT cvrf/static/css/style.css: 0
[2017-02-21 10:29:11] EDIT cvrf/static/css/style.css: 0
[2017-02-21 10:30:57] EDIT cvrf/static/css/style.css: 1
[2017-02-21 10:32:50] EDIT cvrf/views/layout.html: 0
[2017-02-21 10:33:06] EDIT cvrf/views/layout.html: 0
[2017-02-21 10:33:31] EDIT cvrf/views/layout.html: 0
[2017-02-21 10:33:54] EDIT cvrf/views/layout.html: 0
[2017-02-21 10:35:19] EDIT cvrf/views/layout.html: 0
[2017-02-21 10:37:08] EDIT cvrf/static/css/style.css: 0
[2017-02-21 10:38:41] EDIT cvrf/views/layout.html: 0
[2017-02-21 10:39:23] EDIT cvrf/views/layout.html: 0
[2017-02-21 10:39:52] EDIT cvrf/static/css/style.css: -3
[2017-02-21 10:41:38] EDIT cvrf/views/default/user.html: 4
[2017-02-21 10:42:06] EDIT cvrf/views/default/user.html: 0
[2017-02-21 10:44:39] EDIT cvrf/models/menu.py: -1
[2017-02-21 10:45:40] EDIT cvrf/static/css/style.css: -1
[2017-02-21 10:46:40] EDIT cvrf/static/css/style.css: -7
[2017-02-21 10:47:19] EDIT cvrf/static/css/style.css: 8
[2017-02-21 10:48:01] EDIT cvrf/static/css/style.css: 0
[2017-02-21 10:48:07] EDIT cvrf/static/css/style.css: -1
[2017-02-21 10:48:50] EDIT cvrf/views/layout.html: 0
[2017-02-21 10:49:01] EDIT cvrf/views/layout.html: 0
[2017-02-21 10:51:14] EDIT cvrf/views/layout.html: 66
[2017-02-21 10:51:59] EDIT cvrf/views/layout.html: -58
[2017-02-21 11:02:40] EDIT cvrf/views/layout.html: -8
[2017-02-21 11:07:38] EDIT cvrf/static/css/web2py-bootstrap3.css: 0
[2017-02-21 11:08:07] EDIT cvrf/static/css/web2py-bootstrap3.css: 0
[2017-02-21 11:09:07] EDIT cvrf/static/css/style.css: 0
[2017-02-21 11:09:59] EDIT cvrf/views/layout.html: 1
[2017-02-21 11:10:09] EDIT cvrf/views/layout.html: 1
[2017-02-21 11:10:33] EDIT cvrf/views/layout.html: 0
[2017-02-21 11:14:57] EDIT cvrf/views/default/user.html: 0
[2017-02-21 11:16:48] EDIT cvrf/models/db.py: 0
[2017-02-21 11:17:24] EDIT cvrf/models/db.py: 0
[2017-02-21 11:21:27] EDIT cvrf/views/layout.html: 2
[2017-02-21 11:22:53] EDIT cvrf/views/layout.html: 0
[2017-02-21 11:23:08] EDIT cvrf/views/layout.html: 0
[2017-02-21 11:29:12] EDIT cvrf/models/db.py: 1
[2017-02-21 11:30:20] EDIT cvrf/models/db.py: 0
[2017-02-21 11:35:48] EDIT cvrf/models/menu.py: 17
[2017-02-21 11:35:54] EDIT cvrf/models/menu.py: -1
[2017-02-21 11:37:33] EDIT cvrf/views/default/user.html: 0
[2017-02-21 11:38:43] EDIT cvrf/views/default/user.html: 0
[2017-02-28 08:49:57] EDIT cvrf/static/css/style.css: -58
[2017-02-28 08:54:28] EDIT cvrf/static/css/style.css: 58
[2017-02-28 08:56:22] EDIT cvrf/controllers/default.py: 0
[2017-02-28 08:56:43] EDIT cvrf/views/default/index.html: 0
[2017-02-28 08:57:00] EDIT cvrf/views/default/index.html: 0
[2017-02-28 08:59:56] EDIT cvrf/static/css/style.css: 0
[2017-02-28 09:00:14] EDIT cvrf/static/css/style.css: 0
[2017-02-28 09:00:33] EDIT cvrf/static/css/style.css: 0
[2017-02-28 09:00:44] EDIT cvrf/static/css/style.css: 0
[2017-02-28 09:04:18] EDIT cvrf/static/css/style.css: 0
[2017-02-28 09:12:39] EDIT cvrf/views/layout_homepage.html: 23
[2017-02-28 09:14:10] EDIT cvrf/views/layout_homepage.html: 0
[2017-02-28 09:16:42] EDIT cvrf/views/layout_homepage.html: -4
[2017-02-28 09:17:01] EDIT cvrf/static/css/style.css: 0
[2017-02-28 09:17:15] EDIT cvrf/views/layout_homepage.html: 0
[2017-02-28 09:31:33] EDIT cvrf/static/css/style.css: 3
[2017-02-28 09:33:16] EDIT cvrf/static/css/style.css: 0
[2017-02-28 09:33:25] EDIT cvrf/static/css/style.css: 0
[2017-02-28 09:35:33] EDIT cvrf/static/css/style.css: 0
[2017-02-28 09:36:07] EDIT cvrf/static/css/style.css: 0
[2017-02-28 09:36:35] EDIT cvrf/static/css/style.css: 0
[2017-02-28 09:38:17] EDIT cvrf/static/css/style.css: 0
[2017-02-28 09:38:43] EDIT cvrf/static/css/style.css: 0
[2017-02-28 09:41:14] EDIT cvrf/views/layout_homepage.html: 0
[2017-02-28 09:43:10] EDIT cvrf/views/layout_homepage.html: 4
[2017-02-28 09:46:18] EDIT cvrf/views/layout_homepage.html: 5
[2017-02-28 09:47:39] EDIT cvrf/views/layout_homepage.html: 5
[2017-02-28 09:48:55] EDIT cvrf/views/layout_homepage.html: 0
[2017-02-28 09:49:22] EDIT cvrf/static/css/style.css: 3
[2017-02-28 09:50:22] EDIT cvrf/views/layout_homepage.html: 0
[2017-02-28 09:53:55] EDIT cvrf/views/layout_homepage.html: 0
[2017-02-28 09:59:42] EDIT cvrf/views/layout_homepage.html: 14
[2017-02-28 10:02:08] EDIT cvrf/views/layout_homepage.html: 0
[2017-02-28 10:04:17] EDIT cvrf/models/menu.py: 0
[2017-02-28 10:04:57] EDIT cvrf/views/layout_homepage.html: -14
[2017-02-28 10:07:06] EDIT cvrf/models/menu.py: 1
[2017-02-28 10:07:29] EDIT cvrf/models/menu.py: 0
[2017-02-28 10:09:36] EDIT cvrf/views/default/index.html: 0
[2017-02-28 10:09:59] EDIT cvrf/views/default/index.html: 0
[2017-02-28 10:11:44] EDIT cvrf/models/menu.py: 0
[2017-02-28 10:12:27] EDIT cvrf/models/menu.py: 0
[2017-02-28 10:13:28] EDIT cvrf/models/menu.py: 0
[2017-02-28 10:15:08] EDIT cvrf/static/css/style_homepage.css: 2
[2017-02-28 10:16:46] EDIT cvrf/static/css/style_homepage.css: 0
[2017-02-28 10:18:06] EDIT cvrf/views/layout_homepage.html: 0
[2017-02-28 10:19:41] EDIT cvrf/views/layout_homepage.html: 3
[2017-02-28 10:19:58] EDIT cvrf/views/layout_homepage.html: 0
[2017-02-28 10:25:45] EDIT cvrf/views/default/index.html: 6
[2017-02-28 10:25:59] EDIT cvrf/views/default/index.html: 1
[2017-02-28 10:26:30] EDIT cvrf/views/default/index.html: 6
[2017-02-28 10:26:59] EDIT cvrf/views/default/index.html: 0
[2017-02-28 10:27:45] EDIT cvrf/views/default/index.html: 2
[2017-02-28 10:28:15] EDIT cvrf/static/css/style_homepage.css: 1
[2017-02-28 10:39:50] EDIT cvrf/views/default/index.html: 6
[2017-02-28 10:40:58] EDIT cvrf/static/css/style_homepage.css: 0
[2017-02-28 10:42:57] EDIT cvrf/views/default/index.html: 19
[2017-02-28 10:43:16] EDIT cvrf/views/default/index.html: -159
[2017-02-28 10:44:08] EDIT cvrf/static/css/style_homepage.css: 2
[2017-02-28 10:47:10] EDIT cvrf/views/default/index.html: 0
[2017-02-28 10:48:56] EDIT cvrf/views/default/index.html: -6
[2017-02-28 10:50:52] EDIT cvrf/views/default/index.html: 18
[2017-02-28 10:51:32] EDIT cvrf/views/default/index.html: 0
[2017-02-28 10:51:41] EDIT cvrf/views/default/index.html: 0
[2017-02-28 10:52:15] EDIT cvrf/views/default/index.html: -2
[2017-02-28 10:52:30] EDIT cvrf/views/default/index.html: 0
[2017-02-28 10:52:46] EDIT cvrf/views/default/index.html: 0
[2017-02-28 10:53:55] EDIT cvrf/views/default/index.html: -1
[2017-02-28 10:55:09] EDIT cvrf/views/default/index.html: 0
[2017-02-28 10:55:44] EDIT cvrf/views/default/index.html: 0
[2017-02-28 10:58:06] EDIT cvrf/views/default/index.html: 0
[2017-02-28 10:58:51] EDIT cvrf/views/default/index.html: 0
[2017-02-28 10:59:17] EDIT cvrf/views/default/index.html: 0
[2017-02-28 11:00:38] EDIT cvrf/views/default/index.html: 0
[2017-02-28 11:00:50] EDIT cvrf/views/default/index.html: 0
[2017-02-28 11:01:09] EDIT cvrf/views/default/index.html: 0
[2017-02-28 11:01:47] EDIT cvrf/static/css/style_homepage.css: 3
[2017-02-28 11:01:59] EDIT cvrf/static/css/style_homepage.css: 0
[2017-02-28 11:02:25] EDIT cvrf/static/css/style_homepage.css: 0
[2017-02-28 11:02:41] EDIT cvrf/static/css/style_homepage.css: 0
[2017-02-28 11:04:04] EDIT cvrf/views/default/index.html: 0
[2017-02-28 11:05:17] EDIT cvrf/views/default/index.html: 0
[2017-02-28 11:06:16] EDIT cvrf/views/default/index.html: 0
[2017-02-28 11:06:41] EDIT cvrf/views/default/index.html: 0
[2017-02-28 11:06:57] EDIT cvrf/views/default/index.html: 0
[2017-02-28 11:07:08] EDIT cvrf/static/css/style_homepage.css: 0
[2017-02-28 11:07:49] EDIT cvrf/static/css/style_homepage.css: -3
[2017-02-28 11:08:35] EDIT cvrf/views/default/index.html: 30
[2017-02-28 11:09:20] EDIT cvrf/views/default/index.html: 0
[2017-02-28 11:09:40] EDIT cvrf/views/default/index.html: 0
[2017-02-28 11:10:18] EDIT cvrf/views/default/index.html: 0
[2017-02-28 11:12:01] EDIT cvrf/views/default/index.html: 0
[2017-02-28 11:12:14] EDIT cvrf/views/default/index.html: 0
[2017-02-28 11:13:59] EDIT cvrf/views/default/index.html: 53
[2017-02-28 11:14:13] EDIT cvrf/views/default/index.html: 0
[2017-02-28 11:15:13] EDIT cvrf/static/css/style_homepage.css: 2
[2017-02-28 11:16:10] EDIT cvrf/static/css/style_homepage.css: 0
[2017-02-28 11:23:31] EDIT cvrf/views/default/index.html: 4
[2017-02-28 11:24:59] EDIT cvrf/views/default/index.html: 0
[2017-02-28 11:26:50] EDIT cvrf/views/default/index.html: 0
[2017-02-28 11:27:53] EDIT cvrf/views/default/index.html: 0
[2017-02-28 11:30:00] EDIT cvrf/views/default/index.html: 0
[2017-02-28 11:30:29] EDIT cvrf/views/default/index.html: 0
[2017-02-28 11:31:00] EDIT cvrf/views/default/index.html: 0
[2017-02-28 11:38:30] EDIT cvrf/views/default/index.html: 0
[2017-02-28 11:39:06] EDIT cvrf/static/css/style_homepage.css: 3
[2017-02-28 11:39:43] EDIT cvrf/static/css/style_homepage.css: 0
[2017-02-28 11:40:23] EDIT cvrf/static/css/style_homepage.css: 0
[2017-02-28 11:40:43] EDIT cvrf/static/css/style_homepage.css: 0
[2017-02-28 11:43:29] EDIT cvrf/views/default/index.html: 6
[2017-02-28 11:44:05] EDIT cvrf/views/default/index.html: 0
[2017-02-28 11:44:13] EDIT cvrf/views/default/index.html: 0
[2017-02-28 11:45:06] EDIT cvrf/views/default/index.html: 0
[2017-02-28 11:45:12] EDIT cvrf/views/default/index.html: 0
[2017-02-28 11:49:24] EDIT cvrf/views/default/index.html: 8
[2017-02-28 11:49:36] EDIT cvrf/views/default/index.html: 0
[2017-02-28 11:50:11] EDIT cvrf/views/default/index.html: 0
[2017-02-28 11:50:46] EDIT cvrf/views/default/index.html: 0
[2017-02-28 11:51:22] EDIT cvrf/views/default/index.html: 0
[2017-02-28 11:58:31] EDIT cvrf/views/default/index.html: 4
[2017-02-28 11:59:49] EDIT cvrf/views/default/index.html: 0
[2017-02-28 12:01:25] EDIT cvrf/views/default/index.html: 4
[2017-02-28 12:02:12] EDIT cvrf/views/default/index.html: 0
[2017-02-28 12:02:37] EDIT cvrf/views/default/index.html: 0
[2017-02-28 12:04:17] EDIT cvrf/views/default/index.html: 5
[2017-02-28 12:04:39] EDIT cvrf/views/default/index.html: 0
[2017-02-28 12:05:23] EDIT cvrf/views/default/index.html: 0
[2017-02-28 12:05:42] EDIT cvrf/views/default/index.html: 0
[2017-02-28 12:06:16] EDIT cvrf/views/default/index.html: 0
[2017-02-28 12:11:35] EDIT cvrf/static/css/style_homepage.css: 1
[2017-02-28 12:12:56] EDIT cvrf/static/css/style_homepage.css: 0
[2017-02-28 12:13:25] EDIT cvrf/static/css/style_homepage.css: 0
[2017-02-28 15:04:29] EDIT cvrf/models/menu.py: 0
[2017-02-28 15:05:44] EDIT cvrf/views/default/index.html: 0
[2017-02-28 15:06:28] EDIT cvrf/views/default/index.html: 0
[2017-02-28 15:06:40] EDIT cvrf/views/default/index.html: 0
[2017-02-28 15:06:56] EDIT cvrf/views/default/index.html: 2
[2017-02-28 15:07:41] EDIT cvrf/views/default/index.html: -2
[2017-02-28 15:08:05] EDIT cvrf/views/default/index.html: 0
[2017-02-28 15:09:27] EDIT cvrf/views/default/index.html: 0
[2017-02-28 15:09:41] EDIT cvrf/views/default/index.html: 0
[2017-02-28 15:11:07] EDIT cvrf/views/default/index.html: 0
[2017-02-28 15:11:19] EDIT cvrf/views/default/index.html: 0
[2017-02-28 15:17:57] EDIT cvrf/static/css/style_homepage.css: 4
[2017-02-28 15:21:14] EDIT cvrf/static/css/style_homepage.css: 0
[2017-02-28 15:22:23] EDIT cvrf/static/css/style_homepage.css: 0
[2017-02-28 15:24:47] EDIT cvrf/static/css/style_homepage.css: 0
[2017-02-28 15:25:32] EDIT cvrf/static/css/style_homepage.css: -4
[2017-02-28 15:26:16] EDIT cvrf/static/css/style_homepage.css: 4
[2017-02-28 15:26:20] EDIT cvrf/static/css/style_homepage.css: 0
[2017-02-28 15:26:34] EDIT cvrf/static/css/style_homepage.css: -3
[2017-02-28 15:26:48] EDIT cvrf/static/css/style_homepage.css: 3
[2017-02-28 15:27:11] EDIT cvrf/static/css/style_homepage.css: 0
[2017-02-28 15:27:22] EDIT cvrf/static/css/style_homepage.css: 1
[2017-02-28 15:28:35] EDIT cvrf/views/default/index.html: 2
[2017-02-28 15:29:30] EDIT cvrf/views/default/index.html: 0
[2017-02-28 15:30:44] EDIT cvrf/static/css/style_homepage.css: -5
[2017-02-28 15:31:31] EDIT cvrf/views/default/index.html: 0
[2017-02-28 15:31:57] EDIT cvrf/views/default/index.html: -2
[2017-02-28 15:32:50] EDIT cvrf/views/default/index.html: 2
[2017-02-28 15:34:24] EDIT cvrf/views/default/index.html: 25
[2017-02-28 15:34:56] EDIT cvrf/views/default/index.html: 0
[2017-02-28 15:35:39] EDIT cvrf/views/default/index.html: -5
[2017-02-28 15:36:43] EDIT cvrf/static/css/style_homepage.css: 4
[2017-02-28 15:37:07] EDIT cvrf/views/default/index.html: 0
[2017-02-28 15:37:32] EDIT cvrf/views/default/index.html: 0
[2017-02-28 15:37:55] EDIT cvrf/static/css/style_homepage.css: -1
[2017-02-28 15:38:51] EDIT cvrf/models/menu.py: 1
[2017-02-28 15:40:16] EDIT cvrf/views/default/index.html: -6
[2017-02-28 15:41:44] EDIT cvrf/views/default/index.html: 12
[2017-02-28 15:43:14] EDIT cvrf/views/default/index.html: 0
[2017-02-28 15:43:51] EDIT cvrf/views/default/index.html: 0
[2017-02-28 15:43:55] EDIT cvrf/views/default/index.html: 0
[2017-02-28 15:45:10] EDIT cvrf/views/default/index.html: 0
[2017-02-28 15:45:54] EDIT cvrf/views/default/index.html: 0
[2017-02-28 15:51:01] EDIT cvrf/views/default/index.html: 42
[2017-02-28 15:53:00] EDIT cvrf/views/default/index.html: -3
[2017-02-28 15:53:40] EDIT cvrf/views/default/index.html: -3
[2017-02-28 15:54:03] EDIT cvrf/views/default/index.html: -1
[2017-02-28 15:55:14] EDIT cvrf/views/default/index.html: -5
[2017-02-28 15:55:55] EDIT cvrf/static/css/style_homepage.css: 0
[2017-02-28 15:58:05] EDIT cvrf/views/default/index.html: 4
[2017-02-28 15:58:38] EDIT cvrf/views/default/index.html: 0
[2017-02-28 15:58:48] EDIT cvrf/views/default/index.html: 0
[2017-02-28 15:59:21] EDIT cvrf/views/default/index.html: 0
[2017-02-28 16:00:27] EDIT cvrf/views/default/index.html: 0
[2017-02-28 16:02:36] EDIT cvrf/views/default/index.html: 0
[2017-02-28 16:03:19] EDIT cvrf/views/default/index.html: 0
[2017-02-28 16:03:49] EDIT cvrf/views/default/index.html: 0
[2017-02-28 16:04:58] EDIT cvrf/models/menu.py: 1
[2017-02-28 16:05:29] EDIT cvrf/views/default/index.html: 0
[2017-02-28 16:06:24] EDIT cvrf/views/layout_homepage.html: 0
[2017-02-28 16:08:14] EDIT cvrf/views/layout_homepage.html: -58
[2017-02-28 16:08:18] EDIT cvrf/views/layout_homepage.html: 0
[2017-02-28 16:09:18] EDIT cvrf/views/default/index.html: 8
[2017-02-28 16:09:26] EDIT cvrf/views/default/index.html: 0
[2017-02-28 16:11:17] EDIT cvrf/views/default/index.html: 0
[2017-02-28 16:11:46] EDIT cvrf/views/default/index.html: 0
[2017-02-28 16:11:59] EDIT cvrf/views/default/index.html: 0
[2017-02-28 16:12:27] EDIT cvrf/views/default/index.html: 0
[2017-02-28 16:12:46] EDIT cvrf/views/default/index.html: 0
[2017-02-28 16:13:20] EDIT cvrf/views/default/index.html: 0
[2017-02-28 16:13:35] EDIT cvrf/views/default/index.html: 0
[2017-02-28 16:14:34] EDIT cvrf/views/default/index.html: 0
[2017-02-28 16:15:22] EDIT cvrf/views/default/index.html: 0
[2017-02-28 16:16:35] EDIT cvrf/views/default/index.html: 0
[2017-02-28 16:17:33] EDIT cvrf/views/layout_homepage.html: 0
[2017-02-28 16:18:21] EDIT cvrf/models/menu.py: -1
[2017-02-28 16:19:17] EDIT cvrf/views/default/index.html: 0
[2017-02-28 16:20:32] EDIT cvrf/static/css/style_homepage.css: -3
[2017-02-28 16:21:32] EDIT cvrf/static/css/style_homepage.css: 2
[2017-02-28 16:22:09] EDIT cvrf/static/css/style_homepage.css: 0
[2017-02-28 16:22:33] EDIT cvrf/static/css/style_homepage.css: 0
[2017-02-28 16:23:12] EDIT cvrf/static/css/style_homepage.css: 2
[2017-02-28 16:23:31] EDIT cvrf/static/css/style_homepage.css: -2
[2017-02-28 16:28:44] EDIT cvrf/static/css/style_homepage.css: 0
[2017-02-28 16:44:18] EDIT cvrf/views/layout_homepage.html: 1
[2017-02-28 16:44:42] EDIT cvrf/views/layout_homepage.html: 0
[2017-02-28 16:45:12] EDIT cvrf/views/layout_homepage.html: 0
[2017-02-28 16:45:51] EDIT cvrf/views/layout_homepage.html: 0
[2017-02-28 16:46:20] EDIT cvrf/views/layout_homepage.html: 0
[2017-02-28 16:46:59] EDIT cvrf/static/css/style_homepage.css: 3
[2017-02-28 16:47:28] EDIT cvrf/static/css/style_homepage.css: 2
[2017-02-28 16:49:10] EDIT cvrf/views/layout.html: -1
[2017-02-28 16:50:52] EDIT cvrf/views/layout.html: 1
[2017-02-28 16:51:00] EDIT cvrf/views/layout.html: -1
[2017-02-28 16:55:46] EDIT cvrf/views/layout.html: 0
[2017-02-28 16:56:51] EDIT cvrf/views/layout.html: 6
[2017-02-28 16:57:54] EDIT cvrf/static/css/style.css: 4
[2017-02-28 16:58:34] EDIT cvrf/static/css/style.css: 1
[2017-02-28 16:58:59] EDIT cvrf/static/css/style.css: -1
[2017-02-28 16:59:40] EDIT cvrf/controllers/default.py: 0
[2017-02-28 17:03:37] EDIT cvrf/controllers/default.py: 0
[2017-02-28 17:04:20] EDIT cvrf/views/default/user.html: 0
[2017-02-28 17:05:41] EDIT cvrf/static/css/style.css: 0
[2017-02-28 17:14:01] EDIT cvrf/static/css/web2py-bootstrap3.css: -5
[2017-02-28 17:14:29] EDIT cvrf/static/css/web2py-bootstrap3.css: 0
[2017-02-28 17:14:56] EDIT cvrf/static/css/style.css: 0
[2017-02-28 17:15:22] EDIT cvrf/static/css/style_homepage.css: -1
[2017-02-28 17:15:24] EDIT cvrf/static/css/style_homepage.css: 0
[2017-02-28 17:18:15] EDIT cvrf/static/css/style.css: 2
[2017-02-28 17:19:02] EDIT cvrf/static/css/style.css: 0
[2017-02-28 17:20:01] EDIT cvrf/static/css/style.css: -1
[2017-02-28 17:20:25] EDIT cvrf/static/css/style.css: 0
[2017-02-28 17:21:27] EDIT cvrf/views/default/user.html: 0
[2017-02-28 17:24:16] EDIT cvrf/models/db.py: -1
[2017-02-28 17:24:24] EDIT cvrf/models/db.py: 0
[2017-02-28 17:29:21] EDIT cvrf/static/css/style.css: 0
[2017-02-28 17:30:05] EDIT cvrf/views/layout_homepage.html: -1
[2017-02-28 17:30:22] EDIT cvrf/static/css/style_homepage.css: -5
[2017-02-28 17:38:33] EDIT cvrf/models/db.py: 3
[2017-02-28 17:41:26] EDIT cvrf/models/db.py: 4
[2017-02-28 17:42:30] EDIT cvrf/models/db.py: 0
[2017-02-28 17:42:47] EDIT cvrf/models/db.py: -1
[2017-02-28 17:43:23] EDIT cvrf/models/db.py: 3
[2017-02-28 17:44:08] EDIT cvrf/models/db.py: 1
[2017-02-28 17:44:12] EDIT cvrf/models/db.py: 1
[2017-02-28 17:50:09] EDIT cvrf/models/resource/db_resource.py: -8
[2017-02-28 17:50:26] EDIT cvrf/models/resource/db_resource.py: 0
[2017-02-28 17:52:49] EDIT cvrf/models/resource/db_resource.py: 0
[2017-02-28 17:53:26] EDIT cvrf/models/resource/db_resource.py: 0
[2017-02-28 17:55:24] EDIT cvrf/models/db.py: -1
[2017-02-28 17:57:06] EDIT cvrf/models/resource/db_resource.py: 0
[2017-02-28 17:57:13] EDIT cvrf/models/resource/db_resource.py: 15
[2017-02-28 17:57:34] EDIT cvrf/models/resource/db_resource.py: 0
[2017-02-28 17:58:25] EDIT cvrf/static/css/style.css: 1
[2017-02-28 18:02:29] EDIT cvrf/views/default/user.html: 0
[2017-02-28 18:04:56] EDIT cvrf/controllers/resource.py: 48
[2017-02-28 18:06:22] EDIT cvrf/controllers/resource.py: 0
[2017-02-28 18:07:39] EDIT cvrf/models/menu.py: -1
[2017-02-28 18:08:03] EDIT cvrf/controllers/resource.py: 0
[2017-02-28 18:14:36] EDIT cvrf/models/menu.py: 0
[2017-02-28 18:15:07] EDIT cvrf/models/menu.py: 0
[2017-02-28 18:20:18] EDIT cvrf/controllers/resource.py: 45
[2017-02-28 18:21:09] EDIT cvrf/views/resource/upload_multiple.html: 0
[2017-02-28 18:22:36] EDIT cvrf/controllers/resource.py: 0
[2017-02-28 18:24:05] EDIT cvrf/controllers/resource.py: 3
[2017-02-28 18:25:12] EDIT cvrf/controllers/resource.py: 0
[2017-02-28 18:30:28] EDIT cvrf/controllers/resource.py: -1
[2017-02-28 18:31:02] EDIT cvrf/controllers/resource.py: 0
[2017-02-28 18:31:34] EDIT cvrf/controllers/resource.py: 0
[2017-02-28 18:32:09] EDIT cvrf/views/resource/upload_multiple.html: 0
[2017-02-28 18:32:16] EDIT cvrf/views/resource/upload_multiple.html: 0
[2017-02-28 18:32:41] EDIT cvrf/views/resource/admin.html: 0
[2017-02-28 18:33:53] EDIT cvrf/views/resource/admin.html: 1
[2017-02-28 18:34:00] EDIT cvrf/views/resource/admin.html: 0
[2017-02-28 18:34:59] EDIT cvrf/views/resource/upload_multiple.html: 0
[2017-02-28 18:35:47] EDIT cvrf/models/menu.py: 0
[2017-02-28 18:37:01] EDIT cvrf/controllers/resource.py: 30
[2017-02-28 18:37:23] EDIT cvrf/controllers/resource.py: 0
[2017-02-28 18:37:41] EDIT cvrf/controllers/resource.py: 0
[2017-02-28 18:38:56] EDIT cvrf/models/menu.py: 0
[2017-02-28 18:39:54] EDIT cvrf/models/menu.py: 0
[2017-02-28 18:41:02] EDIT cvrf/views/layout.html: 0
[2017-02-28 18:42:19] EDIT cvrf/views/layout.html: 0
[2017-02-28 18:43:36] EDIT cvrf/models/menu.py: 0
[2017-02-28 18:44:29] EDIT cvrf/views/layout.html: 0
[2017-02-28 18:45:06] EDIT cvrf/controllers/resource.py: 1
[2017-02-28 18:45:28] EDIT cvrf/controllers/resource.py: 1
[2017-02-28 18:45:53] EDIT cvrf/controllers/resource.py: 0
[2017-02-28 18:46:09] EDIT cvrf/controllers/resource.py: 0
[2017-02-28 18:46:45] EDIT cvrf/views/resource/admin_category.html: 1
[2017-02-28 18:46:49] EDIT cvrf/views/resource/admin_category.html: 0
[2017-02-28 18:47:19] EDIT cvrf/views/resource/admin_category.html: 0
[2017-02-28 18:47:47] EDIT cvrf/views/resource/admin_category.html: 0
[2017-02-28 18:48:17] EDIT cvrf/views/resource/admin_table.html: 1
[2017-02-28 18:48:30] EDIT cvrf/views/resource/admin_table.html: 0
[2017-02-28 18:49:17] EDIT cvrf/models/menu.py: 0
[2017-02-28 18:49:45] EDIT cvrf/models/menu.py: 0
[2017-02-28 18:50:04] EDIT cvrf/models/menu.py: 0
[2017-03-01 09:54:43] EDIT cvrf/private/appconfig.ini: 0
[2017-03-01 10:05:32] EDIT cvrf/static/css/style.css: 0
[2017-03-01 10:06:35] EDIT cvrf/static/css/style.css: 0
[2017-03-02 09:16:51] EDIT cvrf/models/menu.py: 0
[2017-03-02 09:17:21] EDIT cvrf/models/menu.py: 0
[2017-03-02 09:18:55] EDIT cvrf/models/menu.py: 0
[2017-03-02 09:19:21] EDIT cvrf/models/menu.py: 0
[2017-03-02 09:19:24] EDIT cvrf/models/menu.py: 0
[2017-03-02 09:19:57] EDIT cvrf/models/menu.py: 0
[2017-03-02 09:20:22] EDIT cvrf/models/menu.py: 0
[2017-03-02 09:24:01] EDIT cvrf/models/menu.py: 0
[2017-03-02 09:24:35] EDIT cvrf/models/menu.py: 0
[2017-03-02 09:24:36] EDIT cvrf/models/menu.py: 0
[2017-03-02 09:30:57] EDIT cvrf/models/resource/db_resource.py: 0
[2017-03-02 09:31:14] EDIT cvrf/models/resource/db_resource.py: 0
[2017-03-02 09:31:39] EDIT cvrf/models/resource/db_resource.py: 1
[2017-03-02 09:32:25] EDIT cvrf/models/resource/db_resource.py: 1
[2017-03-02 09:35:31] EDIT cvrf/models/resource/db_resource.py: 0
[2017-03-02 09:37:24] EDIT cvrf/models/resource/db_resource.py: 0
[2017-03-02 09:37:48] EDIT cvrf/models/resource/db_resource.py: 0
[2017-03-02 09:38:29] EDIT cvrf/models/resource/db_resource.py: 0
[2017-03-02 09:38:36] EDIT cvrf/models/resource/db_resource.py: 0
[2017-03-02 09:39:13] EDIT cvrf/models/resource/db_resource.py: 0
[2017-03-02 09:44:59] EDIT cvrf/models/resource/db_resource.py: 0
[2017-03-02 09:45:53] EDIT cvrf/models/resource/db_resource.py: 0
[2017-03-02 09:46:11] EDIT cvrf/models/resource/db_resource.py: 0
[2017-03-02 09:46:17] EDIT cvrf/models/resource/db_resource.py: -1
[2017-03-02 09:46:42] EDIT cvrf/models/resource/db_resource.py: -1
[2017-03-02 09:47:32] EDIT cvrf/models/resource/db_resource.py: 1
[2017-03-02 09:49:04] EDIT cvrf/static/css/style.css: 6
[2017-03-02 09:52:05] EDIT cvrf/views/resource/admin.html: 0
[2017-03-02 09:56:13] CREATE admin.py: 0
[2017-03-02 09:58:35] EDIT cvrf/controllers/admin.py: 40
[2017-03-02 09:59:31] EDIT cvrf/views/admin/user.html: 1
[2017-03-02 09:59:43] EDIT cvrf/views/admin/user.html: 0
[2017-03-02 10:00:29] EDIT cvrf/controllers/admin.py: 1
[2017-03-02 10:00:48] EDIT cvrf/controllers/admin.py: 1
[2017-03-02 10:01:07] EDIT cvrf/controllers/admin.py: 0
[2017-03-02 10:01:34] EDIT cvrf/controllers/admin.py: 1
[2017-03-02 10:10:33] EDIT cvrf/models/db.py: 6
[2017-03-02 10:11:24] EDIT cvrf/private/appconfig.ini: 0
[2017-03-02 10:11:34] EDIT cvrf/models/db.py: 0
[2017-03-02 10:14:37] EDIT cvrf/models/db.py: 35
[2017-03-02 10:15:54] EDIT cvrf/views/admin/site.html: 0
[2017-03-02 10:18:09] EDIT cvrf/models/menu.py: 13
[2017-03-02 10:33:36] EDIT cvrf/models/db.py: 0
[2017-03-02 10:34:32] EDIT cvrf/models/db.py: 1
[2017-03-02 10:35:31] EDIT cvrf/models/menu.py: 2
[2017-03-02 10:36:14] EDIT cvrf/models/menu.py: -1
[2017-03-02 10:36:29] EDIT cvrf/models/menu.py: 0
[2017-03-02 10:37:16] EDIT cvrf/views/admin/scheduler_task.html: 1
[2017-03-02 10:37:25] EDIT cvrf/views/admin/scheduler_task.html: 0
[2017-03-02 10:37:54] EDIT cvrf/views/admin/site.html: -36
[2017-03-02 10:38:06] EDIT cvrf/controllers/admin.py: 0
[2017-03-02 10:39:02] EDIT cvrf/controllers/admin.py: 0
[2017-03-02 10:39:36] EDIT cvrf/models/menu.py: 0
[2017-03-02 10:41:01] EDIT cvrf/controllers/admin.py: 0
[2017-03-02 10:42:31] EDIT cvrf/models/db.py: 0
[2017-03-02 10:44:16] EDIT cvrf/static/css/style.css: 3
[2017-03-02 10:46:18] EDIT cvrf/static/css/style.css: 0
[2017-03-02 10:46:54] EDIT cvrf/static/css/style.css: 0
[2017-03-02 10:47:17] EDIT cvrf/static/css/style.css: 0
[2017-03-02 10:49:16] EDIT cvrf/controllers/admin.py: 0
[2017-03-02 10:50:00] EDIT cvrf/controllers/admin.py: 0
[2017-03-02 10:50:51] EDIT cvrf/controllers/admin.py: 0
[2017-03-02 10:51:02] EDIT cvrf/controllers/admin.py: 0
[2017-03-02 10:51:19] EDIT cvrf/controllers/admin.py: 0
[2017-03-02 10:52:37] EDIT cvrf/static/css/web2py-bootstrap3.css: 1
[2017-03-02 10:54:41] EDIT cvrf/models/menu.py: 0
[2017-03-02 10:55:50] EDIT cvrf/models/menu.py: 0
[2017-03-02 10:56:02] EDIT cvrf/models/menu.py: 0
[2017-03-02 10:57:04] EDIT cvrf/controllers/resource.py: 201
[2017-03-02 11:02:53] EDIT cvrf/controllers/resource.py: 0
[2017-03-02 11:04:16] EDIT cvrf/views/resource/edites.html: 0
[2017-03-02 11:06:32] EDIT cvrf/views/resource/edites.html: 0
[2017-03-02 11:06:50] EDIT cvrf/views/resource/edites.html: 0
[2017-03-02 11:07:28] EDIT cvrf/controllers/resource.py: 0
[2017-03-02 11:08:44] EDIT cvrf/views/resource/edites.html: 0
[2017-03-02 11:09:41] EDIT cvrf/views/resource/edites.html: 1
[2017-03-02 11:09:58] EDIT cvrf/views/resource/my_briefcase.html: 1
[2017-03-02 11:10:09] EDIT cvrf/views/resource/my_briefcase.html: 0
[2017-03-06 10:26:30] EDIT cvrf/static/css/style.css: 3
[2017-03-06 10:28:04] EDIT cvrf/static/css/style.css: 0
[2017-03-06 10:28:58] EDIT cvrf/static/css/style.css: -3
[2017-03-06 10:29:32] EDIT cvrf/static/css/web2py-bootstrap3.css: 0
[2017-03-06 10:30:40] EDIT cvrf/static/css/web2py-bootstrap3.css: -1
[2017-03-06 10:30:47] EDIT cvrf/static/css/style.css: 3
[2017-03-06 10:34:36] EDIT cvrf/static/css/web2py-bootstrap3.css: -1
[2017-03-06 10:35:20] EDIT cvrf/static/css/style.css: 1
[2017-03-06 10:35:40] EDIT cvrf/static/css/style.css: 0
[2017-03-06 10:36:49] EDIT cvrf/static/css/style.css: 1
[2017-03-06 10:39:18] EDIT cvrf/modules/app_tools.py: 0
[2017-03-06 10:40:18] EDIT cvrf/modules/app_tools.py: 0
[2017-03-06 10:46:00] EDIT cvrf/controllers/resource.py: 2
[2017-03-06 10:47:14] EDIT cvrf/views/resource/edites.html: 0
[2017-03-06 10:47:52] EDIT cvrf/views/resource/my_briefcase.html: 0
[2017-03-06 10:56:25] EDIT cvrf/controllers/resource.py: -1
[2017-03-06 10:56:41] EDIT cvrf/controllers/resource.py: 0
[2017-03-06 10:57:43] EDIT cvrf/controllers/resource.py: 0
[2017-03-06 10:59:17] EDIT cvrf/controllers/resource.py: 1
[2017-03-06 11:02:42] EDIT cvrf/controllers/resource.py: -10
[2017-03-06 11:03:22] EDIT cvrf/controllers/resource.py: -9
[2017-03-06 11:05:25] EDIT cvrf/controllers/resource.py: 0
[2017-03-06 11:07:00] EDIT cvrf/controllers/resource.py: 1
[2017-03-06 13:47:30] EDIT cvrf/views/default/index.html: 0
[2017-03-06 13:48:26] EDIT cvrf/views/default/index.html: 0
[2017-03-06 13:49:13] EDIT cvrf/views/default/index.html: 0
[2017-03-06 13:50:04] EDIT cvrf/views/default/index.html: 0
[2017-03-06 13:52:56] EDIT cvrf/models/db.py: 0
[2017-03-06 13:54:44] EDIT cvrf/controllers/resource.py: 0
[2017-03-06 13:54:57] EDIT cvrf/controllers/resource.py: 0
[2017-03-06 13:55:42] EDIT cvrf/controllers/resource.py: 1
[2017-03-06 13:55:44] EDIT cvrf/controllers/resource.py: 0
[2017-03-06 13:58:40] EDIT cvrf/controllers/resource.py: 1
[2017-03-06 14:00:44] EDIT cvrf/controllers/resource.py: 0
[2017-03-06 14:01:30] EDIT cvrf/controllers/resource.py: 0
[2017-03-06 14:01:30] EDIT cvrf/controllers/resource.py: 0
[2017-03-06 14:01:30] EDIT cvrf/controllers/resource.py: 0
[2017-03-06 14:01:30] EDIT cvrf/controllers/resource.py: 0
[2017-03-06 14:01:30] EDIT cvrf/controllers/resource.py: 0
[2017-03-06 14:01:51] EDIT cvrf/controllers/resource.py: 0
[2017-03-06 14:05:45] EDIT cvrf/controllers/resource.py: -1
[2017-03-06 14:06:15] EDIT cvrf/controllers/resource.py: 0
[2017-03-06 15:44:15] EDIT cvrf/controllers/resource.py: 0
[2017-03-06 15:45:03] EDIT cvrf/models/menu.py: 0
[2017-03-06 15:45:13] EDIT cvrf/models/menu.py: 0
[2017-03-06 15:45:17] EDIT cvrf/models/menu.py: 0
[2017-03-06 15:46:03] EDIT cvrf/models/menu.py: 0
[2017-03-06 15:46:24] EDIT cvrf/models/menu.py: 0
[2017-03-06 15:47:50] EDIT cvrf/models/menu.py: 1
[2017-03-06 15:48:05] CREATE admin/dashboard.html: 0
[2017-03-06 15:49:47] EDIT cvrf/controllers/admin.py: 8
[2017-03-06 15:51:59] EDIT cvrf/models/menu.py: 0
[2017-03-06 15:54:34] EDIT cvrf/views/admin/dashboard.html: 0
[2017-03-06 15:54:57] EDIT cvrf/views/admin/dashboard.html: 0
[2017-03-06 15:55:21] EDIT cvrf/views/admin/dashboard.html: 0
[2017-03-06 15:57:33] EDIT cvrf/controllers/resource.py: 3
[2017-03-06 15:57:49] EDIT cvrf/controllers/resource.py: -3
[2017-03-08 10:12:32] EDIT cvrf/controllers/resource.py: 0
[2017-03-08 10:13:14] EDIT cvrf/controllers/resource.py: 0
[2017-03-08 10:14:34] EDIT cvrf/controllers/resource.py: 0
[2017-03-08 10:16:50] EDIT cvrf/controllers/resource.py: 0
[2017-03-08 10:17:55] EDIT cvrf/controllers/resource.py: 0
[2017-03-08 10:18:12] EDIT cvrf/controllers/resource.py: 0
[2017-03-08 10:20:55] EDIT cvrf/controllers/resource.py: 0
[2017-03-08 10:22:16] EDIT cvrf/controllers/resource.py: 0
[2017-03-08 10:27:21] EDIT cvrf/controllers/resource.py: 0
[2017-03-08 10:27:55] EDIT cvrf/controllers/resource.py: 0
[2017-03-08 10:29:18] EDIT cvrf/controllers/resource.py: 0
[2017-03-08 10:30:18] EDIT cvrf/controllers/resource.py: 0
[2017-03-08 10:32:18] EDIT cvrf/controllers/resource.py: 0
[2017-03-08 10:32:42] EDIT cvrf/controllers/resource.py: 0
[2017-03-08 10:40:28] EDIT cvrf/controllers/resource.py: 0
[2017-03-08 10:41:27] EDIT cvrf/controllers/resource.py: 0
[2017-03-08 10:41:54] EDIT cvrf/controllers/resource.py: 0
[2017-03-08 10:42:47] EDIT cvrf/controllers/resource.py: 0
[2017-03-08 10:43:38] EDIT cvrf/controllers/resource.py: 0
[2017-03-08 10:48:45] EDIT cvrf/controllers/resource.py: 0
[2017-03-08 10:49:14] EDIT cvrf/controllers/resource.py: 0
[2017-03-08 10:50:19] EDIT cvrf/controllers/resource.py: 1
[2017-03-08 10:50:35] EDIT cvrf/views/resource/edites.html: 1
[2017-03-08 10:50:38] EDIT cvrf/views/resource/edites.html: 0
[2017-03-08 10:50:51] EDIT cvrf/views/resource/edites.html: 0
[2017-03-08 10:51:04] EDIT cvrf/controllers/resource.py: 0
[2017-03-08 10:51:56] EDIT cvrf/controllers/resource.py: 0
[2017-03-08 10:52:50] EDIT cvrf/controllers/resource.py: 0
[2017-03-08 10:53:53] EDIT cvrf/controllers/resource.py: 0
[2017-03-08 10:54:03] EDIT cvrf/controllers/resource.py: 0
[2017-03-08 10:55:24] EDIT cvrf/controllers/resource.py: 0
[2017-03-08 10:56:01] EDIT cvrf/controllers/resource.py: 0
[2017-03-08 10:56:27] EDIT cvrf/controllers/resource.py: 0
[2017-03-08 10:56:56] EDIT cvrf/controllers/resource.py: 0
[2017-03-08 10:57:18] EDIT cvrf/controllers/resource.py: 0
[2017-03-08 10:57:42] EDIT cvrf/controllers/resource.py: 0
[2017-03-08 10:59:55] EDIT cvrf/controllers/resource.py: 0
[2017-03-08 11:00:25] EDIT cvrf/controllers/resource.py: 0
[2017-03-08 11:03:47] EDIT cvrf/controllers/resource.py: 1
[2017-03-08 11:04:01] EDIT cvrf/controllers/resource.py: 0
[2017-03-08 11:04:19] EDIT cvrf/controllers/resource.py: 0
[2017-03-08 11:05:46] EDIT cvrf/controllers/resource.py: 0
[2017-03-08 11:06:14] EDIT cvrf/controllers/resource.py: 0
[2017-03-08 11:06:57] EDIT cvrf/controllers/resource.py: 0
[2017-03-08 11:07:16] EDIT cvrf/controllers/resource.py: 0
[2017-03-08 11:08:20] EDIT cvrf/controllers/resource.py: 0
[2017-03-08 11:10:02] EDIT cvrf/controllers/resource.py: 0
[2017-03-08 11:10:32] EDIT cvrf/controllers/resource.py: -1
[2017-03-08 11:10:57] EDIT cvrf/controllers/resource.py: 0
[2017-03-08 11:11:09] EDIT cvrf/controllers/resource.py: 0
[2017-03-08 11:11:29] EDIT cvrf/views/resource/edites.html: -1
[2017-03-08 11:12:34] EDIT cvrf/controllers/resource.py: 0
[2017-03-08 11:13:14] EDIT cvrf/controllers/resource.py: 0
[2017-03-08 11:48:11] EDIT cvrf/controllers/resource.py: 0
[2017-03-08 11:53:27] EDIT cvrf/controllers/resource.py: 1
[2017-03-08 12:06:39] EDIT cvrf/controllers/resource.py: 3
[2017-03-08 12:07:37] EDIT cvrf/controllers/resource.py: 2
[2017-03-08 12:08:06] EDIT cvrf/controllers/resource.py: 0
[2017-03-08 12:08:32] EDIT cvrf/controllers/resource.py: 0
[2017-03-08 12:09:20] EDIT cvrf/controllers/resource.py: 1
[2017-03-08 12:09:23] EDIT cvrf/controllers/resource.py: 0
[2017-03-08 12:09:51] EDIT cvrf/controllers/resource.py: 2
[2017-03-08 12:10:20] EDIT cvrf/controllers/resource.py: 0
[2017-03-08 12:12:22] EDIT cvrf/controllers/resource.py: -3
[2017-03-08 12:24:14] EDIT cvrf/controllers/resource.py: -15
[2017-03-08 12:25:05] EDIT cvrf/controllers/resource.py: 0
[2017-03-08 12:25:16] EDIT cvrf/controllers/resource.py: 0
[2017-03-08 12:25:43] EDIT cvrf/controllers/resource.py: 0
[2017-03-08 12:27:11] EDIT cvrf/controllers/resource.py: 0
[2017-03-08 12:27:22] EDIT cvrf/controllers/resource.py: 0
[2017-03-08 12:28:37] EDIT cvrf/controllers/resource.py: 1
[2017-03-08 12:30:06] EDIT cvrf/controllers/resource.py: 0
[2017-03-08 12:34:26] EDIT cvrf/models/resource/db.py: -5
[2017-03-08 12:36:16] EDIT cvrf/views/resource/edites.html: 0
[2017-03-08 12:38:16] EDIT cvrf/views/resource/edites.html: 3
[2017-03-08 12:38:38] EDIT cvrf/views/resource/edites.html: 0
[2017-03-08 12:38:41] EDIT cvrf/views/resource/edites.html: 0
[2017-03-08 12:38:57] EDIT cvrf/views/resource/edites.html: 0
[2017-03-08 12:39:04] EDIT cvrf/views/resource/edites.html: 0
[2017-03-08 12:39:38] EDIT cvrf/views/resource/edites.html: 1
[2017-03-08 12:41:40] EDIT cvrf/views/resource/edites.html: 2
[2017-03-08 12:41:50] EDIT cvrf/views/resource/edites.html: 0
[2017-03-08 12:42:09] EDIT cvrf/views/resource/edites.html: 0
[2017-03-08 12:42:25] EDIT cvrf/views/resource/edites.html: 0
[2017-03-08 12:43:29] EDIT cvrf/views/resource/edites.html: -3
[2017-03-08 12:44:34] EDIT cvrf/views/resource/edites.html: 0
[2017-03-08 12:47:58] EDIT cvrf/models/resource/db.py: 5
[2017-03-08 12:57:09] EDIT cvrf/controllers/resource.py: 0
[2017-03-08 12:57:28] EDIT cvrf/controllers/resource.py: 0
[2017-03-08 12:58:17] EDIT cvrf/controllers/resource.py: 0
[2017-03-08 12:58:41] EDIT cvrf/controllers/resource.py: 0
[2017-03-08 13:01:03] EDIT cvrf/controllers/resource.py: 0
[2017-03-08 13:01:29] EDIT cvrf/controllers/resource.py: 0
[2017-03-08 13:02:13] EDIT cvrf/controllers/resource.py: 0
[2017-03-08 13:03:54] EDIT cvrf/controllers/resource.py: 1
[2017-03-08 13:04:48] EDIT cvrf/controllers/resource.py: 0
[2017-03-08 13:05:02] EDIT cvrf/controllers/resource.py: 0
[2017-03-08 13:08:14] EDIT cvrf/controllers/resource.py: -3
[2017-03-08 13:10:26] EDIT cvrf/models/resource/db.py: 0
[2017-03-08 13:10:42] EDIT cvrf/controllers/resource.py: 0
[2017-03-08 13:15:44] EDIT cvrf/controllers/resource.py: 0
[2017-03-08 13:16:31] EDIT cvrf/controllers/resource.py: 0
[2017-03-08 13:19:35] EDIT cvrf/views/resource/edites.html: 0
[2017-03-08 13:20:01] EDIT cvrf/views/resource/edites.html: 0
[2017-03-08 13:20:12] EDIT cvrf/views/resource/edites.html: 0
[2017-03-08 13:21:00] EDIT cvrf/views/resource/edites.html: 0
[2017-03-08 13:22:03] EDIT cvrf/views/resource/edites.html: 0
[2017-03-08 13:22:37] EDIT cvrf/views/resource/edites.html: 4
[2017-03-08 13:22:50] EDIT cvrf/views/resource/edites.html: 0
[2017-03-08 13:23:52] EDIT cvrf/views/resource/edites.html: 0
[2017-03-08 13:25:15] EDIT cvrf/views/resource/edites.html: 0
[2017-03-08 13:26:53] EDIT cvrf/views/resource/edites.html: 0
[2017-03-08 13:28:42] EDIT cvrf/views/resource/edites.html: 0
[2017-03-08 14:17:25] EDIT cvrf/views/resource/edites.html: 0
[2017-03-08 14:20:41] EDIT cvrf/views/resource/edites.html: 0
[2017-03-08 14:21:21] EDIT cvrf/views/resource/edites.html: -1
[2017-03-08 14:21:39] EDIT cvrf/views/resource/edites.html: 0
[2017-03-08 14:22:19] EDIT cvrf/views/layout.html: 5
[2017-03-08 14:23:29] EDIT cvrf/views/resource/edites.html: 0
[2017-03-08 14:24:14] EDIT cvrf/views/resource/edites.html: 0
[2017-03-08 14:24:36] EDIT cvrf/views/resource/edites.html: 0
[2017-03-08 14:24:51] EDIT cvrf/views/resource/edites.html: 0
[2017-03-08 14:25:40] EDIT cvrf/views/resource/edites.html: -4
[2017-03-08 14:26:01] EDIT cvrf/views/resource/edites.html: 4
[2017-03-08 14:26:20] EDIT cvrf/views/resource/edites.html: 0
[2017-03-08 14:26:45] EDIT cvrf/views/resource/edites.html: 1
[2017-03-08 14:27:27] EDIT cvrf/views/resource/edites.html: 1
[2017-03-08 14:27:42] EDIT cvrf/views/resource/edites.html: 0
[2017-03-08 14:27:55] EDIT cvrf/views/resource/edites.html: 0
[2017-03-08 14:28:44] EDIT cvrf/views/resource/edites.html: 3
[2017-03-08 14:29:34] EDIT cvrf/views/resource/edites.html: 0
[2017-03-08 14:29:38] EDIT cvrf/views/resource/edites.html: 0
[2017-03-08 14:29:45] EDIT cvrf/views/resource/edites.html: 0
[2017-03-08 14:30:25] EDIT cvrf/views/resource/edites.html: 0
[2017-03-08 14:32:47] EDIT cvrf/views/resource/edites.html: 0
[2017-03-08 14:34:22] EDIT cvrf/views/resource/edites.html: -1
[2017-03-08 14:34:46] EDIT cvrf/views/resource/edites.html: 0
[2017-03-08 14:35:38] EDIT cvrf/views/resource/edites.html: 0
[2017-03-08 14:36:08] EDIT cvrf/views/resource/edites.html: 0
[2017-03-08 14:38:01] EDIT cvrf/views/resource/edites.html: 0
[2017-03-08 14:40:21] EDIT cvrf/views/resource/edites.html: -1
[2017-03-09 10:16:27] CREATE default/dashboard.html: 0
[2017-03-09 10:17:10] EDIT cvrf/views/default/dashboard.html: 0
[2017-03-09 10:17:46] EDIT cvrf/models/menu.py: 0
[2017-03-09 10:19:50] EDIT cvrf/controllers/default.py: 6
[2017-03-09 10:20:58] EDIT cvrf/controllers/default.py: 2
[2017-03-09 10:22:36] EDIT cvrf/models/menu.py: 0
[2017-03-09 10:23:15] EDIT cvrf/models/menu.py: 0
[2017-03-09 10:28:13] EDIT cvrf/models/menu.py: 0
[2017-03-09 10:29:28] EDIT cvrf/models/menu.py: 0
[2017-03-09 10:29:43] EDIT cvrf/models/menu.py: 0
[2017-03-09 10:31:02] DELETE cvrf/views/admin/dashboard.html: -3
[2017-03-09 10:40:44] EDIT cvrf/controllers/resource.py: 0
[2017-03-09 10:43:49] EDIT cvrf/controllers/resource.py: 0
[2017-03-09 10:54:09] EDIT cvrf/models/resource/db.py: -4
[2017-03-09 10:54:13] EDIT cvrf/models/resource/db.py: 0
[2017-03-09 10:54:20] EDIT cvrf/models/resource/db.py: 0
[2017-03-09 10:54:28] EDIT cvrf/models/resource/db.py: 7
[2017-03-09 10:56:27] EDIT cvrf/models/resource/db.py: 2
[2017-03-09 10:57:44] EDIT cvrf/models/resource/db.py: 2
[2017-03-09 10:59:01] EDIT cvrf/models/resource/db.py: -7
[2017-03-09 11:01:55] EDIT cvrf/controllers/resource.py: 0
[2017-03-09 11:03:33] EDIT cvrf/models/resource/db.py: 0
[2017-03-09 11:03:56] EDIT cvrf/models/resource/db.py: 0
[2017-03-09 11:07:52] EDIT cvrf/models/resource/db.py: 0
[2017-03-09 11:08:00] EDIT cvrf/models/resource/db.py: 0
[2017-03-09 11:08:18] EDIT cvrf/models/resource/db.py: 0
[2017-03-09 11:10:06] EDIT cvrf/models/resource/db.py: 1
[2017-03-09 11:11:23] EDIT cvrf/models/resource/db.py: 2
[2017-03-09 11:12:04] EDIT cvrf/models/resource/db.py: 0
[2017-03-09 11:15:42] EDIT cvrf/static/css/web2py-bootstrap3.css: 0
[2017-03-09 11:57:56] EDIT cvrf/controllers/resource.py: 0
[2017-03-09 11:58:21] EDIT cvrf/controllers/resource.py: 0
[2017-03-09 11:59:09] EDIT cvrf/controllers/resource.py: 0
[2017-03-09 11:59:30] EDIT cvrf/controllers/resource.py: 0
[2017-03-09 11:59:37] EDIT cvrf/controllers/resource.py: 0
[2017-03-09 12:07:38] EDIT cvrf/models/resource/db.py: -21
[2017-03-09 12:09:18] EDIT cvrf/models/db.py: 21
[2017-03-09 12:10:32] EDIT cvrf/models/db.py: 0
[2017-03-09 12:10:38] EDIT cvrf/models/db.py: 0
[2017-03-09 12:15:03] EDIT cvrf/models/db.py: 0
[2017-03-09 12:24:27] EDIT cvrf/static/css/web2py-bootstrap3.css: 0
